[INFO  Tue 08 Apr 2025 01:57:04 AM PDT] ...e/nvim/lazy/mason.nvim/lua/mason-core/installer/init.lua:184: Executing installer for Package(name=lua-language-server) {}
[INFO  Tue 08 Apr 2025 01:57:04 AM PDT] ...e/nvim/lazy/mason.nvim/lua/mason-core/installer/init.lua:184: Executing installer for Package(name=python-lsp-server) {}
[INFO  Tue 08 Apr 2025 01:57:04 AM PDT] ...e/nvim/lazy/mason.nvim/lua/mason-core/installer/init.lua:184: Executing installer for Package(name=html-lsp) {}
[INFO  Tue 08 Apr 2025 01:57:04 AM PDT] ...e/nvim/lazy/mason.nvim/lua/mason-core/installer/init.lua:184: Executing installer for Package(name=css-lsp) {}
[INFO  Tue 08 Apr 2025 01:57:04 AM PDT] ...e/nvim/lazy/mason.nvim/lua/mason-core/installer/init.lua:184: Executing installer for Package(name=typescript-language-server) {}
[ERROR Tue 08 Apr 2025 01:57:04 AM PDT] ...e/nvim/lazy/mason.nvim/lua/mason-core/installer/init.lua:249: Installation failed for Package(name=html-lsp) error=spawn: npm failed with exit code - and signal -. npm is not executable
[INFO  Tue 08 Apr 2025 01:57:04 AM PDT] ...e/nvim/lazy/mason.nvim/lua/mason-core/installer/init.lua:184: Executing installer for Package(name=clangd) {}
[ERROR Tue 08 Apr 2025 01:57:04 AM PDT] ...e/nvim/lazy/mason.nvim/lua/mason-core/installer/init.lua:249: Installation failed for Package(name=css-lsp) error=spawn: npm failed with exit code - and signal -. npm is not executable
[INFO  Tue 08 Apr 2025 01:57:04 AM PDT] ...e/nvim/lazy/mason.nvim/lua/mason-core/installer/init.lua:184: Executing installer for Package(name=bash-language-server) {}
[ERROR Tue 08 Apr 2025 01:57:04 AM PDT] ...e/nvim/lazy/mason.nvim/lua/mason-core/installer/init.lua:249: Installation failed for Package(name=typescript-language-server) error=spawn: npm failed with exit code - and signal -. npm is not executable
[ERROR Tue 08 Apr 2025 01:57:04 AM PDT] ...e/nvim/lazy/mason.nvim/lua/mason-core/installer/init.lua:249: Installation failed for Package(name=bash-language-server) error=spawn: npm failed with exit code - and signal -. npm is not executable
[INFO  Tue 08 Apr 2025 01:57:05 AM PDT] ...e/nvim/lazy/mason.nvim/lua/mason-core/installer/init.lua:245: Installation succeeded for Package(name=lua-language-server)
[ERROR Tue 08 Apr 2025 01:57:12 AM PDT] ...e/nvim/lazy/mason.nvim/lua/mason-core/installer/init.lua:249: Installation failed for Package(name=clangd) error="Installation was aborted."
[ERROR Tue 08 Apr 2025 01:57:12 AM PDT] ...e/nvim/lazy/mason.nvim/lua/mason-core/installer/init.lua:249: Installation failed for Package(name=python-lsp-server) error="Installation was aborted."
[INFO  Tue 08 Apr 2025 01:57:13 AM PDT] ...e/nvim/lazy/mason.nvim/lua/mason-core/installer/init.lua:184: Executing installer for Package(name=python-lsp-server) {}
[INFO  Tue 08 Apr 2025 01:57:13 AM PDT] ...e/nvim/lazy/mason.nvim/lua/mason-core/installer/init.lua:184: Executing installer for Package(name=html-lsp) {}
[INFO  Tue 08 Apr 2025 01:57:13 AM PDT] ...e/nvim/lazy/mason.nvim/lua/mason-core/installer/init.lua:184: Executing installer for Package(name=css-lsp) {}
[INFO  Tue 08 Apr 2025 01:57:13 AM PDT] ...e/nvim/lazy/mason.nvim/lua/mason-core/installer/init.lua:184: Executing installer for Package(name=typescript-language-server) {}
[INFO  Tue 08 Apr 2025 01:57:13 AM PDT] ...e/nvim/lazy/mason.nvim/lua/mason-core/installer/init.lua:184: Executing installer for Package(name=clangd) {}
[ERROR Tue 08 Apr 2025 01:57:13 AM PDT] ...e/nvim/lazy/mason.nvim/lua/mason-core/installer/init.lua:249: Installation failed for Package(name=css-lsp) error=spawn: npm failed with exit code - and signal -. npm is not executable
[INFO  Tue 08 Apr 2025 01:57:13 AM PDT] ...e/nvim/lazy/mason.nvim/lua/mason-core/installer/init.lua:184: Executing installer for Package(name=bash-language-server) {}
[ERROR Tue 08 Apr 2025 01:57:13 AM PDT] ...e/nvim/lazy/mason.nvim/lua/mason-core/installer/init.lua:249: Installation failed for Package(name=typescript-language-server) error=spawn: npm failed with exit code - and signal -. npm is not executable
[ERROR Tue 08 Apr 2025 01:57:13 AM PDT] ...e/nvim/lazy/mason.nvim/lua/mason-core/installer/init.lua:249: Installation failed for Package(name=html-lsp) error=spawn: npm failed with exit code - and signal -. npm is not executable
[ERROR Tue 08 Apr 2025 01:57:13 AM PDT] ...e/nvim/lazy/mason.nvim/lua/mason-core/installer/init.lua:249: Installation failed for Package(name=bash-language-server) error=spawn: npm failed with exit code - and signal -. npm is not executable
[INFO  Tue 08 Apr 2025 01:57:26 AM PDT] ...e/nvim/lazy/mason.nvim/lua/mason-core/installer/init.lua:245: Installation succeeded for Package(name=clangd)
[INFO  Tue 08 Apr 2025 01:57:26 AM PDT] ...e/nvim/lazy/mason.nvim/lua/mason-core/installer/init.lua:245: Installation succeeded for Package(name=python-lsp-server)
[INFO  Tue 08 Apr 2025 01:57:36 AM PDT] ...e/nvim/lazy/mason.nvim/lua/mason-core/installer/init.lua:184: Executing installer for Package(name=html-lsp) {}
[INFO  Tue 08 Apr 2025 01:57:36 AM PDT] ...e/nvim/lazy/mason.nvim/lua/mason-core/installer/init.lua:184: Executing installer for Package(name=css-lsp) {}
[INFO  Tue 08 Apr 2025 01:57:36 AM PDT] ...e/nvim/lazy/mason.nvim/lua/mason-core/installer/init.lua:184: Executing installer for Package(name=typescript-language-server) {}
[INFO  Tue 08 Apr 2025 01:57:36 AM PDT] ...e/nvim/lazy/mason.nvim/lua/mason-core/installer/init.lua:184: Executing installer for Package(name=bash-language-server) {}
[ERROR Tue 08 Apr 2025 01:57:36 AM PDT] ...e/nvim/lazy/mason.nvim/lua/mason-core/installer/init.lua:249: Installation failed for Package(name=css-lsp) error=spawn: npm failed with exit code - and signal -. npm is not executable
[ERROR Tue 08 Apr 2025 01:57:36 AM PDT] ...e/nvim/lazy/mason.nvim/lua/mason-core/installer/init.lua:249: Installation failed for Package(name=html-lsp) error=spawn: npm failed with exit code - and signal -. npm is not executable
[ERROR Tue 08 Apr 2025 01:57:36 AM PDT] ...e/nvim/lazy/mason.nvim/lua/mason-core/installer/init.lua:249: Installation failed for Package(name=bash-language-server) error=spawn: npm failed with exit code - and signal -. npm is not executable
[ERROR Tue 08 Apr 2025 01:57:36 AM PDT] ...e/nvim/lazy/mason.nvim/lua/mason-core/installer/init.lua:249: Installation failed for Package(name=typescript-language-server) error=spawn: npm failed with exit code - and signal -. npm is not executable
[ERROR Tue 08 Apr 2025 01:57:47 AM PDT] ...l/share/nvim/lazy/mason.nvim/lua/mason-registry/init.lua:79: Cannot find package "\"cssls\"".
[INFO  Tue 08 Apr 2025 01:57:52 AM PDT] ...e/nvim/lazy/mason.nvim/lua/mason-core/installer/init.lua:184: Executing installer for Package(name=html-lsp) {}
[INFO  Tue 08 Apr 2025 01:57:52 AM PDT] ...e/nvim/lazy/mason.nvim/lua/mason-core/installer/init.lua:184: Executing installer for Package(name=css-lsp) {}
[INFO  Tue 08 Apr 2025 01:57:52 AM PDT] ...e/nvim/lazy/mason.nvim/lua/mason-core/installer/init.lua:184: Executing installer for Package(name=typescript-language-server) {}
[INFO  Tue 08 Apr 2025 01:57:52 AM PDT] ...e/nvim/lazy/mason.nvim/lua/mason-core/installer/init.lua:184: Executing installer for Package(name=bash-language-server) {}
[ERROR Tue 08 Apr 2025 01:57:52 AM PDT] ...e/nvim/lazy/mason.nvim/lua/mason-core/installer/init.lua:249: Installation failed for Package(name=typescript-language-server) error=spawn: npm failed with exit code - and signal -. npm is not executable
[ERROR Tue 08 Apr 2025 01:57:52 AM PDT] ...e/nvim/lazy/mason.nvim/lua/mason-core/installer/init.lua:249: Installation failed for Package(name=css-lsp) error=spawn: npm failed with exit code - and signal -. npm is not executable
[ERROR Tue 08 Apr 2025 01:57:52 AM PDT] ...e/nvim/lazy/mason.nvim/lua/mason-core/installer/init.lua:249: Installation failed for Package(name=html-lsp) error=spawn: npm failed with exit code - and signal -. npm is not executable
[ERROR Tue 08 Apr 2025 01:57:52 AM PDT] ...e/nvim/lazy/mason.nvim/lua/mason-core/installer/init.lua:249: Installation failed for Package(name=bash-language-server) error=spawn: npm failed with exit code - and signal -. npm is not executable
[INFO  Tue 08 Apr 2025 01:58:23 AM PDT] ...e/nvim/lazy/mason.nvim/lua/mason-core/installer/init.lua:184: Executing installer for Package(name=css-lsp) {}
[ERROR Tue 08 Apr 2025 01:58:23 AM PDT] ...e/nvim/lazy/mason.nvim/lua/mason-core/installer/init.lua:249: Installation failed for Package(name=css-lsp) error=spawn: npm failed with exit code - and signal -. npm is not executable
[INFO  Tue 08 Apr 2025 01:59:15 AM PDT] ...e/nvim/lazy/mason.nvim/lua/mason-core/installer/init.lua:184: Executing installer for Package(name=css-lsp) {}
[ERROR Tue 08 Apr 2025 01:59:15 AM PDT] ...e/nvim/lazy/mason.nvim/lua/mason-core/installer/init.lua:249: Installation failed for Package(name=css-lsp) error=spawn: npm failed with exit code - and signal -. npm is not executable
[INFO  Tue 08 Apr 2025 01:59:21 AM PDT] ...e/nvim/lazy/mason.nvim/lua/mason-core/installer/init.lua:184: Executing installer for Package(name=html-lsp) {}
[INFO  Tue 08 Apr 2025 01:59:21 AM PDT] ...e/nvim/lazy/mason.nvim/lua/mason-core/installer/init.lua:184: Executing installer for Package(name=css-lsp) {}
[INFO  Tue 08 Apr 2025 01:59:21 AM PDT] ...e/nvim/lazy/mason.nvim/lua/mason-core/installer/init.lua:184: Executing installer for Package(name=typescript-language-server) {}
[INFO  Tue 08 Apr 2025 01:59:21 AM PDT] ...e/nvim/lazy/mason.nvim/lua/mason-core/installer/init.lua:184: Executing installer for Package(name=bash-language-server) {}
[ERROR Tue 08 Apr 2025 01:59:21 AM PDT] ...e/nvim/lazy/mason.nvim/lua/mason-core/installer/init.lua:249: Installation failed for Package(name=css-lsp) error=spawn: npm failed with exit code - and signal -. npm is not executable
[ERROR Tue 08 Apr 2025 01:59:21 AM PDT] ...e/nvim/lazy/mason.nvim/lua/mason-core/installer/init.lua:249: Installation failed for Package(name=html-lsp) error=spawn: npm failed with exit code - and signal -. npm is not executable
[ERROR Tue 08 Apr 2025 01:59:21 AM PDT] ...e/nvim/lazy/mason.nvim/lua/mason-core/installer/init.lua:249: Installation failed for Package(name=bash-language-server) error=spawn: npm failed with exit code - and signal -. npm is not executable
[ERROR Tue 08 Apr 2025 01:59:21 AM PDT] ...e/nvim/lazy/mason.nvim/lua/mason-core/installer/init.lua:249: Installation failed for Package(name=typescript-language-server) error=spawn: npm failed with exit code - and signal -. npm is not executable
[INFO  Tue 08 Apr 2025 01:59:32 AM PDT] ...e/nvim/lazy/mason.nvim/lua/mason-core/installer/init.lua:184: Executing installer for Package(name=css-lsp) {}
[ERROR Tue 08 Apr 2025 01:59:32 AM PDT] ...e/nvim/lazy/mason.nvim/lua/mason-core/installer/init.lua:249: Installation failed for Package(name=css-lsp) error=spawn: npm failed with exit code - and signal -. npm is not executable
[INFO  Tue 08 Apr 2025 02:00:04 AM PDT] ...e/nvim/lazy/mason.nvim/lua/mason-core/installer/init.lua:184: Executing installer for Package(name=html-lsp) {}
[INFO  Tue 08 Apr 2025 02:00:04 AM PDT] ...e/nvim/lazy/mason.nvim/lua/mason-core/installer/init.lua:184: Executing installer for Package(name=css-lsp) {}
[INFO  Tue 08 Apr 2025 02:00:04 AM PDT] ...e/nvim/lazy/mason.nvim/lua/mason-core/installer/init.lua:184: Executing installer for Package(name=typescript-language-server) {}
[INFO  Tue 08 Apr 2025 02:00:04 AM PDT] ...e/nvim/lazy/mason.nvim/lua/mason-core/installer/init.lua:184: Executing installer for Package(name=bash-language-server) {}
[INFO  Tue 08 Apr 2025 02:00:07 AM PDT] ...e/nvim/lazy/mason.nvim/lua/mason-core/installer/init.lua:245: Installation succeeded for Package(name=bash-language-server)
[INFO  Tue 08 Apr 2025 02:00:07 AM PDT] ...e/nvim/lazy/mason.nvim/lua/mason-core/installer/init.lua:245: Installation succeeded for Package(name=typescript-language-server)
[INFO  Tue 08 Apr 2025 02:00:07 AM PDT] ...e/nvim/lazy/mason.nvim/lua/mason-core/installer/init.lua:245: Installation succeeded for Package(name=css-lsp)
[INFO  Tue 08 Apr 2025 02:00:08 AM PDT] ...e/nvim/lazy/mason.nvim/lua/mason-core/installer/init.lua:245: Installation succeeded for Package(name=html-lsp)
[INFO  Fri 23 May 2025 11:03:34 AM PDT] ...e/nvim/lazy/mason.nvim/lua/mason-core/installer/init.lua:184: Executing installer for Package(name=prettier) {}
[INFO  Fri 23 May 2025 11:03:36 AM PDT] ...e/nvim/lazy/mason.nvim/lua/mason-core/installer/init.lua:245: Installation succeeded for Package(name=prettier)
[INFO  Fri 23 May 2025 11:03:42 AM PDT] ...e/nvim/lazy/mason.nvim/lua/mason-core/installer/init.lua:184: Executing installer for Package(name=bash-language-server) Package(name=bash-language-server)
[INFO  Fri 23 May 2025 11:03:45 AM PDT] ...e/nvim/lazy/mason.nvim/lua/mason-core/installer/init.lua:245: Installation succeeded for Package(name=bash-language-server)
[ERROR Fri 23 May 2025 11:08:23 AM PDT] ...l/share/nvim/lazy/mason.nvim/lua/mason-registry/init.lua:79: Cannot find package "\"yamlls\"".
[INFO  Fri 23 May 2025 11:08:40 AM PDT] ...e/nvim/lazy/mason.nvim/lua/mason-core/installer/init.lua:184: Executing installer for Package(name=yaml-language-server) {}
[INFO  Fri 23 May 2025 11:08:41 AM PDT] ...e/nvim/lazy/mason.nvim/lua/mason-core/installer/init.lua:245: Installation succeeded for Package(name=yaml-language-server)
[INFO  Fri 23 May 2025 11:16:51 AM PDT] ...e/nvim/lazy/mason.nvim/lua/mason-core/installer/init.lua:184: Executing installer for Package(name=yamlfmt) {}
[INFO  Fri 23 May 2025 11:16:53 AM PDT] ...e/nvim/lazy/mason.nvim/lua/mason-core/installer/init.lua:245: Installation succeeded for Package(name=yamlfmt)
[INFO  Wed 25 Jun 2025 11:12:51 PM PDT] ...e/nvim/lazy/mason.nvim/lua/mason-core/installer/init.lua:184: Executing installer for Package(name=clang-format) {}
[ERROR Wed 25 Jun 2025 11:12:51 PM PDT] ...e/nvim/lazy/mason.nvim/lua/mason-core/providers/init.lua:81: Provider "pypi" "get_supported_python_versions" failed: "Package does not specify supported Python versions."
[ERROR Wed 25 Jun 2025 11:12:52 PM PDT] ...e/nvim/lazy/mason.nvim/lua/mason-core/providers/init.lua:81: Provider "pypi" "get_supported_python_versions" failed: "Package does not specify supported Python versions."
[ERROR Wed 25 Jun 2025 11:12:52 PM PDT] ...e/nvim/lazy/mason.nvim/lua/mason-core/providers/init.lua:92: No provider implementation succeeded for pypi.get_supported_python_versions
[INFO  Wed 25 Jun 2025 11:12:54 PM PDT] ...e/nvim/lazy/mason.nvim/lua/mason-core/installer/init.lua:245: Installation succeeded for Package(name=clang-format)
[INFO  Wed 25 Jun 2025 11:24:52 PM PDT] ...e/nvim/lazy/mason.nvim/lua/mason-core/installer/init.lua:184: Executing installer for Package(name=yamlfmt) {}
[INFO  Wed 25 Jun 2025 11:24:53 PM PDT] ...e/nvim/lazy/mason.nvim/lua/mason-core/installer/init.lua:245: Installation succeeded for Package(name=yamlfmt)
[INFO  Tue 01 Jul 2025 06:07:30 PM PDT] ...e/nvim/lazy/mason.nvim/lua/mason-core/installer/init.lua:184: Executing installer for Package(name=mesonlsp) {}
[INFO  Tue 01 Jul 2025 06:07:34 PM PDT] ...e/nvim/lazy/mason.nvim/lua/mason-core/installer/init.lua:245: Installation succeeded for Package(name=mesonlsp)
[INFO  Tue 01 Jul 2025 06:10:54 PM PDT] ...e/nvim/lazy/mason.nvim/lua/mason-core/installer/init.lua:184: Executing installer for Package(name=stylua) {}
[INFO  Tue 01 Jul 2025 06:10:55 PM PDT] ...e/nvim/lazy/mason.nvim/lua/mason-core/installer/init.lua:245: Installation succeeded for Package(name=stylua)
