[    89.110] 
X.Org X Server 1.21.1.16
X Protocol Version 11, Revision 0
[    89.110] Current Operating System: Linux persephone 6.15.1-arch1-2 #1 SMP PREEMPT_DYNAMIC Sat, 07 Jun 2025 14:36:24 +0000 x86_64
[    89.110] Kernel command line: BOOT_IMAGE=/vmlinuz-linux root=UUID=e5848757-bede-42a0-a2a3-0840a8aba57c rw loglevel=3 quiet
[    89.110]  
[    89.110] Current version of pixman: 0.46.2
[    89.110] 	Before reporting problems, check http://wiki.x.org
	to make sure that you have the latest version.
[    89.110] Markers: (--) probed, (**) from config file, (==) default setting,
	(++) from command line, (!!) notice, (II) informational,
	(WW) warning, (EE) error, (NI) not implemented, (??) unknown.
[    89.110] (==) Log file: "/home/h/.local/share/xorg/Xorg.0.log", Time: Mon Jun 23 17:48:21 2025
[    89.111] (==) Using config file: "/etc/X11/xorg.conf"
[    89.111] (==) Using config directory: "/etc/X11/xorg.conf.d"
[    89.111] (==) Using system config directory "/usr/share/X11/xorg.conf.d"
[    89.111] (==) ServerLayout "Layout0"
[    89.111] (**) |-->Screen "Screen0" (0)
[    89.111] (**) |   |-->Monitor "Monitor0"
[    89.112] (**) |   |-->Device "Device0"
[    89.112] (**) |   |-->GPUDevice "Nvidia Card"
[    89.112] (**) |-->Input Device "Keyboard0"
[    89.112] (**) |-->Input Device "Mouse0"
[    89.112] (**) Allowing byte-swapped clients
[    89.112] (==) Automatically adding devices
[    89.112] (==) Automatically enabling devices
[    89.112] (==) Automatically adding GPU devices
[    89.112] (==) Automatically binding GPU devices
[    89.112] (==) Max clients allowed: 256, resource mask: 0x1fffff
[    89.113] (WW) The directory "/usr/share/fonts/OTF" does not exist.
[    89.113] 	Entry deleted from font path.
[    89.113] (WW) The directory "/usr/share/fonts/Type1" does not exist.
[    89.113] 	Entry deleted from font path.
[    89.113] (WW) The directory "/usr/share/fonts/100dpi" does not exist.
[    89.113] 	Entry deleted from font path.
[    89.113] (WW) The directory "/usr/share/fonts/75dpi" does not exist.
[    89.113] 	Entry deleted from font path.
[    89.113] (==) FontPath set to:
	/usr/share/fonts/misc,
	/usr/share/fonts/TTF
[    89.113] (==) ModulePath set to "/usr/lib/xorg/modules"
[    89.113] (WW) Hotplugging is on, devices using drivers 'kbd', 'mouse' or 'vmmouse' will be disabled.
[    89.113] (WW) Disabling Keyboard0
[    89.113] (WW) Disabling Mouse0
[    89.113] (II) Module ABI versions:
[    89.113] 	X.Org ANSI C Emulation: 0.4
[    89.113] 	X.Org Video Driver: 25.2
[    89.113] 	X.Org XInput driver : 24.4
[    89.113] 	X.Org Server Extension : 10.0
[    89.113] (++) using VT number 2

[    89.113] (--) controlling tty is VT number 2, auto-enabling KeepTty
[    89.114] (II) systemd-logind: took control of session /org/freedesktop/login1/session/c1
[    89.114] (II) xfree86: Adding drm device (/dev/dri/card2)
[    89.114] (II) Platform probe for /sys/devices/pci0000:00/0000:00:01.1/0000:01:00.0/drm/card2
[    89.114] (II) systemd-logind: got fd for /dev/dri/card2 226:2 fd 13 paused 0
[    89.114] (II) xfree86: Adding drm device (/dev/dri/card1)
[    89.114] (II) Platform probe for /sys/devices/pci0000:00/0000:00:08.1/0000:0d:00.0/drm/card1
[    89.114] (II) systemd-logind: got fd for /dev/dri/card1 226:1 fd 14 paused 0
[    89.115] (**) OutputClass "nvidia" ModulePath extended to "/usr/lib/nvidia/xorg,/usr/lib/xorg/modules,/usr/lib/xorg/modules"
[    89.116] (--) PCI:*(1@0:0:0) 10de:2208:10de:1535 rev 161, Mem @ 0xf5000000/16777216, 0xf800000000/17179869184, 0xfc00000000/33554432, I/O @ 0x0000f000/128, BIOS @ 0x????????/524288
[    89.116] (--) PCI: (13@0:0:0) 1002:13c0:1043:8877 rev 203, Mem @ 0xfc10000000/268435456, 0xf6200000/2097152, 0xf6700000/524288, I/O @ 0x0000e000/256
[    89.116] (WW) Open ACPI failed (/var/run/acpid.socket) (No such file or directory)
[    89.116] (II) LoadModule: "glx"
[    89.116] (II) Loading /usr/lib/xorg/modules/extensions/libglx.so
[    89.118] (II) Module glx: vendor="X.Org Foundation"
[    89.118] 	compiled for 1.21.1.16, module version = 1.0.0
[    89.118] 	ABI class: X.Org Server Extension, version 10.0
[    89.118] (II) LoadModule: "nvidia"
[    89.119] (II) Loading /usr/lib/xorg/modules/drivers/nvidia_drv.so
[    89.120] (II) Module nvidia: vendor="NVIDIA Corporation"
[    89.120] 	compiled for 1.6.99.901, module version = 1.0.0
[    89.120] 	Module class: X.Org Video Driver
[    89.120] (II) NVIDIA dlloader X Driver  575.57.08  Sat May 24 06:54:23 UTC 2025
[    89.120] (II) NVIDIA Unified Driver for all Supported NVIDIA GPUs
[    89.121] (II) systemd-logind: releasing fd for 226:2
[    89.121] (II) Loading sub module "fb"
[    89.121] (II) LoadModule: "fb"
[    89.121] (II) Module "fb" already built-in
[    89.121] (II) Loading sub module "wfb"
[    89.121] (II) LoadModule: "wfb"
[    89.121] (II) Loading /usr/lib/xorg/modules/libwfb.so
[    89.121] (II) Module wfb: vendor="X.Org Foundation"
[    89.121] 	compiled for 1.21.1.16, module version = 1.0.0
[    89.121] 	ABI class: X.Org ANSI C Emulation, version 0.4
[    89.122] (WW) VGA arbiter: cannot open kernel arbiter, no multi-card support
[    89.122] (**) NVIDIA(0): Depth 24, (--) framebuffer bpp 32
[    89.122] (==) NVIDIA(0): RGB weight 888
[    89.122] (==) NVIDIA(0): Default visual is TrueColor
[    89.122] (==) NVIDIA(0): Using gamma correction (1.0, 1.0, 1.0)
[    89.122] (II) Applying OutputClass "nvidia" options to /dev/dri/card2
[    89.122] (**) NVIDIA(0): Option "AllowEmptyInitialConfiguration"
[    89.122] (**) NVIDIA(0): Enabling 2D acceleration
[    89.122] (II) Loading sub module "glxserver_nvidia"
[    89.122] (II) LoadModule: "glxserver_nvidia"
[    89.122] (II) Loading /usr/lib/nvidia/xorg/libglxserver_nvidia.so
[    89.162] (II) Module glxserver_nvidia: vendor="NVIDIA Corporation"
[    89.162] 	compiled for 1.6.99.901, module version = 1.0.0
[    89.162] 	Module class: X.Org Server Extension
[    89.162] (II) NVIDIA GLX Module  575.57.08  Sat May 24 06:58:04 UTC 2025
[    89.162] (II) NVIDIA: The X server supports PRIME Render Offload.
[    89.167] (--) NVIDIA(0): Valid display device(s) on GPU-0 at PCI:1:0:0
[    89.167] (--) NVIDIA(0):     DFP-0
[    89.167] (--) NVIDIA(0):     DFP-1
[    89.167] (--) NVIDIA(0):     DFP-2
[    89.167] (--) NVIDIA(0):     DFP-3
[    89.167] (--) NVIDIA(0):     DFP-4
[    89.167] (--) NVIDIA(0):     DFP-5 (boot)
[    89.167] (--) NVIDIA(0):     DFP-6
[    89.199] (II) NVIDIA(0): NVIDIA GPU NVIDIA GeForce RTX 3080 Ti (GA102-A) at PCI:1:0:0
[    89.199] (II) NVIDIA(0):     (GPU-0)
[    89.199] (--) NVIDIA(0): Memory: 12582912 kBytes
[    89.199] (--) NVIDIA(0): VideoBIOS: 94.02.71.00.ca
[    89.199] (II) NVIDIA(0): Detected PCI Express Link width: 16X
[    89.250] (--) NVIDIA(GPU-0): DFP-0: disconnected
[    89.250] (--) NVIDIA(GPU-0): DFP-0: Internal TMDS
[    89.250] (--) NVIDIA(GPU-0): DFP-0: 165.0 MHz maximum pixel clock
[    89.250] (--) NVIDIA(GPU-0): 
[    89.250] (--) NVIDIA(GPU-0): DFP-1: disconnected
[    89.250] (--) NVIDIA(GPU-0): DFP-1: Internal DisplayPort
[    89.250] (--) NVIDIA(GPU-0): DFP-1: 2670.0 MHz maximum pixel clock
[    89.250] (--) NVIDIA(GPU-0): 
[    89.251] (--) NVIDIA(GPU-0): DFP-2: disconnected
[    89.251] (--) NVIDIA(GPU-0): DFP-2: Internal TMDS
[    89.251] (--) NVIDIA(GPU-0): DFP-2: 165.0 MHz maximum pixel clock
[    89.251] (--) NVIDIA(GPU-0): 
[    89.251] (--) NVIDIA(GPU-0): DFP-3: disconnected
[    89.251] (--) NVIDIA(GPU-0): DFP-3: Internal DisplayPort
[    89.251] (--) NVIDIA(GPU-0): DFP-3: 2670.0 MHz maximum pixel clock
[    89.251] (--) NVIDIA(GPU-0): 
[    89.251] (--) NVIDIA(GPU-0): DFP-4: disconnected
[    89.251] (--) NVIDIA(GPU-0): DFP-4: Internal TMDS
[    89.251] (--) NVIDIA(GPU-0): DFP-4: 165.0 MHz maximum pixel clock
[    89.251] (--) NVIDIA(GPU-0): 
[    89.252] (--) NVIDIA(GPU-0): DELL P2423D (DFP-5): connected
[    89.252] (--) NVIDIA(GPU-0): DELL P2423D (DFP-5): Internal DisplayPort
[    89.252] (--) NVIDIA(GPU-0): DELL P2423D (DFP-5): 2670.0 MHz maximum pixel clock
[    89.252] (--) NVIDIA(GPU-0): 
[    89.261] (--) NVIDIA(GPU-0): DFP-6: disconnected
[    89.261] (--) NVIDIA(GPU-0): DFP-6: Internal TMDS
[    89.261] (--) NVIDIA(GPU-0): DFP-6: 165.0 MHz maximum pixel clock
[    89.261] (--) NVIDIA(GPU-0): 
[    89.300] (==) NVIDIA(0): 
[    89.300] (==) NVIDIA(0): No modes were requested; the default mode "nvidia-auto-select"
[    89.300] (==) NVIDIA(0):     will be used as the requested mode.
[    89.300] (==) NVIDIA(0): 
[    89.304] (II) NVIDIA(0): Validated MetaModes:
[    89.304] (II) NVIDIA(0):     "DFP-5:nvidia-auto-select"
[    89.304] (II) NVIDIA(0): Virtual screen size determined to be 2560 x 1440
[    89.534] (--) NVIDIA(0): DPI set to (122, 121); computed from "UseEdidDpi" X config
[    89.534] (--) NVIDIA(0):     option
[    89.534] (WW) NVIDIA: Failed to bind sideband socket to
[    89.534] (WW) NVIDIA:     '/var/run/nvidia-xdriver-a6d61d71' Permission denied
[    89.536] (II) NVIDIA: Reserving 24576.00 MB of virtual memory for indirect memory
[    89.536] (II) NVIDIA:     access.
[    89.548] (II) NVIDIA(0): ACPI: failed to connect to the ACPI event daemon; the daemon
[    89.548] (II) NVIDIA(0):     may not be running or the "AcpidSocketPath" X
[    89.548] (II) NVIDIA(0):     configuration option may not be set correctly.  When the
[    89.548] (II) NVIDIA(0):     ACPI event daemon is available, the NVIDIA X driver will
[    89.548] (II) NVIDIA(0):     try to use it to receive ACPI event notifications.  For
[    89.548] (II) NVIDIA(0):     details, please see the "ConnectToAcpid" and
[    89.548] (II) NVIDIA(0):     "AcpidSocketPath" X configuration options in Appendix B: X
[    89.548] (II) NVIDIA(0):     Config Options in the README.
[    89.564] (II) NVIDIA(0): Setting mode "DFP-5:nvidia-auto-select"
[    89.656] (==) NVIDIA(0): Disabling shared memory pixmaps
[    89.656] (==) NVIDIA(0): Backing store enabled
[    89.656] (==) NVIDIA(0): Silken mouse enabled
[    89.657] (**) NVIDIA(0): DPMS enabled
[    89.657] (II) Loading sub module "dri2"
[    89.657] (II) LoadModule: "dri2"
[    89.657] (II) Module "dri2" already built-in
[    89.657] (II) NVIDIA(0): [DRI2] Setup complete
[    89.657] (II) NVIDIA(0): [DRI2]   VDPAU driver: nvidia
[    89.657] (II) Initializing extension Generic Event Extension
[    89.657] (II) Initializing extension SHAPE
[    89.657] (II) Initializing extension MIT-SHM
[    89.657] (II) Initializing extension XInputExtension
[    89.657] (II) Initializing extension XTEST
[    89.657] (II) Initializing extension BIG-REQUESTS
[    89.657] (II) Initializing extension SYNC
[    89.657] (II) Initializing extension XKEYBOARD
[    89.657] (II) Initializing extension XC-MISC
[    89.657] (II) Initializing extension SECURITY
[    89.657] (II) Initializing extension XFIXES
[    89.657] (II) Initializing extension RENDER
[    89.657] (II) Initializing extension RANDR
[    89.657] (II) Initializing extension COMPOSITE
[    89.658] (II) Initializing extension DAMAGE
[    89.658] (II) Initializing extension MIT-SCREEN-SAVER
[    89.658] (II) Initializing extension DOUBLE-BUFFER
[    89.658] (II) Initializing extension RECORD
[    89.658] (II) Initializing extension DPMS
[    89.658] (II) Initializing extension Present
[    89.658] (II) Initializing extension DRI3
[    89.658] (II) Initializing extension X-Resource
[    89.658] (II) Initializing extension XVideo
[    89.658] (II) Initializing extension XVideo-MotionCompensation
[    89.658] (II) Initializing extension GLX
[    89.658] (II) Initializing extension GLX
[    89.658] (II) Indirect GLX disabled.
[    89.658] (II) GLX: Another vendor is already registered for screen 0
[    89.658] (II) Initializing extension XFree86-VidModeExtension
[    89.658] (II) Initializing extension XFree86-DGA
[    89.658] (II) Initializing extension XFree86-DRI
[    89.658] (II) Initializing extension DRI2
[    89.658] (II) Initializing extension NV-GLX
[    89.658] (II) Initializing extension NV-CONTROL
[    89.658] (II) Initializing extension XINERAMA
[    89.715] (II) config/udev: Adding input device Power Button (/dev/input/event1)
[    89.715] (**) Power Button: Applying InputClass "libinput keyboard catchall"
[    89.715] (II) LoadModule: "libinput"
[    89.716] (II) Loading /usr/lib/xorg/modules/input/libinput_drv.so
[    89.717] (II) Module libinput: vendor="X.Org Foundation"
[    89.717] 	compiled for 1.21.1.13, module version = 1.5.0
[    89.717] 	Module class: X.Org XInput Driver
[    89.717] 	ABI class: X.Org XInput driver, version 24.4
[    89.717] (II) Using input driver 'libinput' for 'Power Button'
[    89.717] (II) systemd-logind: got fd for /dev/input/event1 13:65 fd 40 paused 0
[    89.717] (**) Power Button: always reports core events
[    89.717] (**) Option "Device" "/dev/input/event1"
[    89.720] (II) event1  - Power Button: is tagged by udev as: Keyboard
[    89.720] (II) event1  - Power Button: device is a keyboard
[    89.720] (II) event1  - Power Button: device removed
[    89.720] (**) Option "config_info" "udev:/sys/devices/LNXSYSTM:00/LNXPWRBN:00/input/input1/event1"
[    89.720] (II) XINPUT: Adding extended input device "Power Button" (type: KEYBOARD, id 6)
[    89.720] (II) event1  - Power Button: is tagged by udev as: Keyboard
[    89.720] (II) event1  - Power Button: device is a keyboard
[    89.720] (II) config/udev: Adding input device Video Bus (/dev/input/event10)
[    89.720] (**) Video Bus: Applying InputClass "libinput keyboard catchall"
[    89.720] (II) Using input driver 'libinput' for 'Video Bus'
[    89.720] (II) systemd-logind: got fd for /dev/input/event10 13:74 fd 43 paused 0
[    89.720] (**) Video Bus: always reports core events
[    89.720] (**) Option "Device" "/dev/input/event10"
[    89.721] (II) event10 - Video Bus: is tagged by udev as: Keyboard
[    89.721] (II) event10 - Video Bus: device is a keyboard
[    89.721] (II) event10 - Video Bus: device removed
[    89.721] (**) Option "config_info" "udev:/sys/devices/LNXSYSTM:00/LNXSYBUS:00/PNP0A08:00/device:20/LNXVIDEO:00/input/input10/event10"
[    89.721] (II) XINPUT: Adding extended input device "Video Bus" (type: KEYBOARD, id 7)
[    89.721] (II) event10 - Video Bus: is tagged by udev as: Keyboard
[    89.721] (II) event10 - Video Bus: device is a keyboard
[    89.721] (II) config/udev: Adding input device Power Button (/dev/input/event0)
[    89.721] (**) Power Button: Applying InputClass "libinput keyboard catchall"
[    89.721] (II) Using input driver 'libinput' for 'Power Button'
[    89.721] (II) systemd-logind: got fd for /dev/input/event0 13:64 fd 44 paused 0
[    89.721] (**) Power Button: always reports core events
[    89.721] (**) Option "Device" "/dev/input/event0"
[    89.721] (II) event0  - Power Button: is tagged by udev as: Keyboard
[    89.722] (II) event0  - Power Button: device is a keyboard
[    89.722] (II) event0  - Power Button: device removed
[    89.722] (**) Option "config_info" "udev:/sys/devices/LNXSYSTM:00/LNXSYBUS:00/PNP0C0C:00/input/input0/event0"
[    89.722] (II) XINPUT: Adding extended input device "Power Button" (type: KEYBOARD, id 8)
[    89.722] (II) event0  - Power Button: is tagged by udev as: Keyboard
[    89.722] (II) event0  - Power Button: device is a keyboard
[    89.722] (II) config/udev: Adding input device HDA NVidia HDMI/DP,pcm=3 (/dev/input/event16)
[    89.722] (II) No input driver specified, ignoring this device.
[    89.722] (II) This device may have been added with another device file.
[    89.722] (II) config/udev: Adding input device HDA NVidia HDMI/DP,pcm=7 (/dev/input/event17)
[    89.722] (II) No input driver specified, ignoring this device.
[    89.722] (II) This device may have been added with another device file.
[    89.722] (II) config/udev: Adding input device HDA NVidia HDMI/DP,pcm=8 (/dev/input/event18)
[    89.722] (II) No input driver specified, ignoring this device.
[    89.722] (II) This device may have been added with another device file.
[    89.722] (II) config/udev: Adding input device HDA NVidia HDMI/DP,pcm=9 (/dev/input/event19)
[    89.722] (II) No input driver specified, ignoring this device.
[    89.722] (II) This device may have been added with another device file.
[    89.723] (II) config/udev: Adding input device Yiancar-Designs Keycult Zero (/dev/input/event5)
[    89.723] (**) Yiancar-Designs Keycult Zero: Applying InputClass "libinput keyboard catchall"
[    89.723] (II) Using input driver 'libinput' for 'Yiancar-Designs Keycult Zero'
[    89.723] (II) systemd-logind: got fd for /dev/input/event5 13:69 fd 45 paused 0
[    89.723] (**) Yiancar-Designs Keycult Zero: always reports core events
[    89.723] (**) Option "Device" "/dev/input/event5"
[    89.723] (II) event5  - Yiancar-Designs Keycult Zero: is tagged by udev as: Keyboard
[    89.723] (II) event5  - Yiancar-Designs Keycult Zero: device is a keyboard
[    89.723] (II) event5  - Yiancar-Designs Keycult Zero: device removed
[    89.723] (**) Option "config_info" "udev:/sys/devices/pci0000:00/0000:00:02.1/0000:03:00.0/0000:04:0c.0/0000:0a:00.0/usb1/1-5/1-5:1.0/0003:8968:6337.0003/input/input5/event5"
[    89.723] (II) XINPUT: Adding extended input device "Yiancar-Designs Keycult Zero" (type: KEYBOARD, id 9)
[    89.724] (II) event5  - Yiancar-Designs Keycult Zero: is tagged by udev as: Keyboard
[    89.724] (II) event5  - Yiancar-Designs Keycult Zero: device is a keyboard
[    89.724] (II) config/udev: Adding input device Yiancar-Designs Keycult Zero Mouse (/dev/input/event6)
[    89.724] (**) Yiancar-Designs Keycult Zero Mouse: Applying InputClass "libinput pointer catchall"
[    89.724] (II) Using input driver 'libinput' for 'Yiancar-Designs Keycult Zero Mouse'
[    89.724] (II) systemd-logind: got fd for /dev/input/event6 13:70 fd 46 paused 0
[    89.724] (**) Yiancar-Designs Keycult Zero Mouse: always reports core events
[    89.724] (**) Option "Device" "/dev/input/event6"
[    89.725] (II) event6  - Yiancar-Designs Keycult Zero Mouse: is tagged by udev as: Mouse
[    89.725] (II) event6  - Yiancar-Designs Keycult Zero Mouse: device is a pointer
[    89.725] (II) event6  - Yiancar-Designs Keycult Zero Mouse: device removed
[    89.725] (II) libinput: Yiancar-Designs Keycult Zero Mouse: Step value 0 was provided, libinput Fallback acceleration function is used.
[    89.725] (II) libinput: Yiancar-Designs Keycult Zero Mouse: Step value 0 was provided, libinput Fallback acceleration function is used.
[    89.725] (II) libinput: Yiancar-Designs Keycult Zero Mouse: Step value 0 was provided, libinput Fallback acceleration function is used.
[    89.725] (**) Option "config_info" "udev:/sys/devices/pci0000:00/0000:00:02.1/0000:03:00.0/0000:04:0c.0/0000:0a:00.0/usb1/1-5/1-5:1.2/0003:8968:6337.0005/input/input6/event6"
[    89.725] (II) XINPUT: Adding extended input device "Yiancar-Designs Keycult Zero Mouse" (type: MOUSE, id 10)
[    89.725] (**) Option "AccelerationScheme" "none"
[    89.725] (**) Yiancar-Designs Keycult Zero Mouse: (accel) selected scheme none/0
[    89.725] (**) Yiancar-Designs Keycult Zero Mouse: (accel) acceleration factor: 2.000
[    89.725] (**) Yiancar-Designs Keycult Zero Mouse: (accel) acceleration threshold: 4
[    89.725] (II) event6  - Yiancar-Designs Keycult Zero Mouse: is tagged by udev as: Mouse
[    89.725] (II) event6  - Yiancar-Designs Keycult Zero Mouse: device is a pointer
[    89.725] (II) config/udev: Adding input device Yiancar-Designs Keycult Zero Mouse (/dev/input/mouse1)
[    89.725] (II) No input driver specified, ignoring this device.
[    89.725] (II) This device may have been added with another device file.
[    89.726] (II) config/udev: Adding input device Yiancar-Designs Keycult Zero System Control (/dev/input/event7)
[    89.726] (**) Yiancar-Designs Keycult Zero System Control: Applying InputClass "libinput keyboard catchall"
[    89.726] (II) Using input driver 'libinput' for 'Yiancar-Designs Keycult Zero System Control'
[    89.726] (II) systemd-logind: got fd for /dev/input/event7 13:71 fd 47 paused 0
[    89.726] (**) Yiancar-Designs Keycult Zero System Control: always reports core events
[    89.726] (**) Option "Device" "/dev/input/event7"
[    89.726] (II) event7  - Yiancar-Designs Keycult Zero System Control: is tagged by udev as: Keyboard Joystick
[    89.726] (II) event7  - Yiancar-Designs Keycult Zero System Control: device is a keyboard
[    89.726] (II) event7  - Yiancar-Designs Keycult Zero System Control: device removed
[    89.726] (**) Option "config_info" "udev:/sys/devices/pci0000:00/0000:00:02.1/0000:03:00.0/0000:04:0c.0/0000:0a:00.0/usb1/1-5/1-5:1.2/0003:8968:6337.0005/input/input7/event7"
[    89.726] (II) XINPUT: Adding extended input device "Yiancar-Designs Keycult Zero System Control" (type: KEYBOARD, id 11)
[    89.727] (II) event7  - Yiancar-Designs Keycult Zero System Control: is tagged by udev as: Keyboard Joystick
[    89.727] (II) event7  - Yiancar-Designs Keycult Zero System Control: device is a keyboard
[    89.727] (II) config/udev: Adding input device Yiancar-Designs Keycult Zero Consumer Control (/dev/input/event8)
[    89.727] (**) Yiancar-Designs Keycult Zero Consumer Control: Applying InputClass "libinput keyboard catchall"
[    89.727] (II) Using input driver 'libinput' for 'Yiancar-Designs Keycult Zero Consumer Control'
[    89.727] (II) systemd-logind: got fd for /dev/input/event8 13:72 fd 48 paused 0
[    89.727] (**) Yiancar-Designs Keycult Zero Consumer Control: always reports core events
[    89.727] (**) Option "Device" "/dev/input/event8"
[    89.728] (II) event8  - Yiancar-Designs Keycult Zero Consumer Control: is tagged by udev as: Keyboard
[    89.728] (II) event8  - Yiancar-Designs Keycult Zero Consumer Control: device is a keyboard
[    89.728] (II) event8  - Yiancar-Designs Keycult Zero Consumer Control: device removed
[    89.728] (II) libinput: Yiancar-Designs Keycult Zero Consumer Control: needs a virtual subdevice
[    89.728] (**) Option "config_info" "udev:/sys/devices/pci0000:00/0000:00:02.1/0000:03:00.0/0000:04:0c.0/0000:0a:00.0/usb1/1-5/1-5:1.2/0003:8968:6337.0005/input/input8/event8"
[    89.728] (II) XINPUT: Adding extended input device "Yiancar-Designs Keycult Zero Consumer Control" (type: MOUSE, id 12)
[    89.728] (**) Option "AccelerationScheme" "none"
[    89.728] (**) Yiancar-Designs Keycult Zero Consumer Control: (accel) selected scheme none/0
[    89.728] (**) Yiancar-Designs Keycult Zero Consumer Control: (accel) acceleration factor: 2.000
[    89.728] (**) Yiancar-Designs Keycult Zero Consumer Control: (accel) acceleration threshold: 4
[    89.728] (II) event8  - Yiancar-Designs Keycult Zero Consumer Control: is tagged by udev as: Keyboard
[    89.728] (II) event8  - Yiancar-Designs Keycult Zero Consumer Control: device is a keyboard
[    89.728] (II) config/udev: Adding input device Yiancar-Designs Keycult Zero Keyboard (/dev/input/event9)
[    89.728] (**) Yiancar-Designs Keycult Zero Keyboard: Applying InputClass "libinput keyboard catchall"
[    89.728] (II) Using input driver 'libinput' for 'Yiancar-Designs Keycult Zero Keyboard'
[    89.729] (II) systemd-logind: got fd for /dev/input/event9 13:73 fd 49 paused 0
[    89.729] (**) Yiancar-Designs Keycult Zero Keyboard: always reports core events
[    89.729] (**) Option "Device" "/dev/input/event9"
[    89.729] (II) event9  - Yiancar-Designs Keycult Zero Keyboard: is tagged by udev as: Keyboard
[    89.729] (II) event9  - Yiancar-Designs Keycult Zero Keyboard: device is a keyboard
[    89.729] (II) event9  - Yiancar-Designs Keycult Zero Keyboard: device removed
[    89.729] (**) Option "config_info" "udev:/sys/devices/pci0000:00/0000:00:02.1/0000:03:00.0/0000:04:0c.0/0000:0a:00.0/usb1/1-5/1-5:1.2/0003:8968:6337.0005/input/input9/event9"
[    89.729] (II) XINPUT: Adding extended input device "Yiancar-Designs Keycult Zero Keyboard" (type: KEYBOARD, id 13)
[    89.730] (II) event9  - Yiancar-Designs Keycult Zero Keyboard: is tagged by udev as: Keyboard
[    89.730] (II) event9  - Yiancar-Designs Keycult Zero Keyboard: device is a keyboard
[    89.730] (II) config/udev: Adding input device HD-Audio Generic HDMI/DP,pcm=3 (/dev/input/event14)
[    89.730] (II) No input driver specified, ignoring this device.
[    89.730] (II) This device may have been added with another device file.
[    89.730] (II) config/udev: Adding input device HD-Audio Generic HDMI/DP,pcm=7 (/dev/input/event15)
[    89.730] (II) No input driver specified, ignoring this device.
[    89.730] (II) This device may have been added with another device file.
[    89.730] (II) config/udev: Adding input device Generic Blue Microphones Consumer Control (/dev/input/event2)
[    89.730] (**) Generic Blue Microphones Consumer Control: Applying InputClass "libinput keyboard catchall"
[    89.730] (II) Using input driver 'libinput' for 'Generic Blue Microphones Consumer Control'
[    89.731] (II) systemd-logind: got fd for /dev/input/event2 13:66 fd 50 paused 0
[    89.731] (**) Generic Blue Microphones Consumer Control: always reports core events
[    89.731] (**) Option "Device" "/dev/input/event2"
[    89.731] (II) event2  - Generic Blue Microphones Consumer Control: is tagged by udev as: Keyboard
[    89.731] (II) event2  - Generic Blue Microphones Consumer Control: device is a keyboard
[    89.731] (II) event2  - Generic Blue Microphones Consumer Control: device removed
[    89.731] (II) libinput: Generic Blue Microphones Consumer Control: needs a virtual subdevice
[    89.731] (**) Option "config_info" "udev:/sys/devices/pci0000:00/0000:00:08.1/0000:0d:00.3/usb3/3-2/3-2:1.3/0003:046D:0AB7.0001/input/input2/event2"
[    89.731] (II) XINPUT: Adding extended input device "Generic Blue Microphones Consumer Control" (type: MOUSE, id 14)
[    89.731] (**) Option "AccelerationScheme" "none"
[    89.731] (**) Generic Blue Microphones Consumer Control: (accel) selected scheme none/0
[    89.731] (**) Generic Blue Microphones Consumer Control: (accel) acceleration factor: 2.000
[    89.731] (**) Generic Blue Microphones Consumer Control: (accel) acceleration threshold: 4
[    89.731] (II) event2  - Generic Blue Microphones Consumer Control: is tagged by udev as: Keyboard
[    89.731] (II) event2  - Generic Blue Microphones Consumer Control: device is a keyboard
[    89.732] (II) config/udev: Adding input device Generic Blue Microphones (/dev/input/event3)
[    89.732] (**) Generic Blue Microphones: Applying InputClass "libinput keyboard catchall"
[    89.732] (II) Using input driver 'libinput' for 'Generic Blue Microphones'
[    89.732] (II) systemd-logind: got fd for /dev/input/event3 13:67 fd 51 paused 0
[    89.732] (**) Generic Blue Microphones: always reports core events
[    89.732] (**) Option "Device" "/dev/input/event3"
[    89.732] (II) event3  - Generic Blue Microphones: is tagged by udev as: Keyboard
[    89.732] (II) event3  - Generic Blue Microphones: device is a keyboard
[    89.732] (II) event3  - Generic Blue Microphones: device removed
[    89.732] (**) Option "config_info" "udev:/sys/devices/pci0000:00/0000:00:08.1/0000:0d:00.3/usb3/3-2/3-2:1.3/0003:046D:0AB7.0001/input/input3/event3"
[    89.732] (II) XINPUT: Adding extended input device "Generic Blue Microphones" (type: KEYBOARD, id 15)
[    89.733] (II) event3  - Generic Blue Microphones: is tagged by udev as: Keyboard
[    89.733] (II) event3  - Generic Blue Microphones: device is a keyboard
[    89.733] (II) config/udev: Adding input device Finalmouse Finalmouse Wireless Receiver (/dev/input/event4)
[    89.733] (**) Finalmouse Finalmouse Wireless Receiver: Applying InputClass "libinput pointer catchall"
[    89.733] (II) Using input driver 'libinput' for 'Finalmouse Finalmouse Wireless Receiver'
[    89.784] (II) systemd-logind: got fd for /dev/input/event4 13:68 fd 52 paused 0
[    89.784] (**) Finalmouse Finalmouse Wireless Receiver: always reports core events
[    89.784] (**) Option "Device" "/dev/input/event4"
[    89.785] (II) event4  - Finalmouse Finalmouse Wireless Receiver: is tagged by udev as: Mouse
[    89.785] (II) event4  - Finalmouse Finalmouse Wireless Receiver: device is a pointer
[    89.785] (II) event4  - Finalmouse Finalmouse Wireless Receiver: device removed
[    89.785] (II) libinput: Finalmouse Finalmouse Wireless Receiver: Step value 0 was provided, libinput Fallback acceleration function is used.
[    89.785] (II) libinput: Finalmouse Finalmouse Wireless Receiver: Step value 0 was provided, libinput Fallback acceleration function is used.
[    89.785] (II) libinput: Finalmouse Finalmouse Wireless Receiver: Step value 0 was provided, libinput Fallback acceleration function is used.
[    89.785] (**) Option "config_info" "udev:/sys/devices/pci0000:00/0000:00:08.1/0000:0d:00.4/usb5/5-2/5-2:1.0/0003:1915:F6B0.0002/input/input4/event4"
[    89.785] (II) XINPUT: Adding extended input device "Finalmouse Finalmouse Wireless Receiver" (type: MOUSE, id 16)
[    89.785] (**) Option "AccelerationScheme" "none"
[    89.785] (**) Finalmouse Finalmouse Wireless Receiver: (accel) selected scheme none/0
[    89.785] (**) Finalmouse Finalmouse Wireless Receiver: (accel) acceleration factor: 2.000
[    89.785] (**) Finalmouse Finalmouse Wireless Receiver: (accel) acceleration threshold: 4
[    89.785] (II) event4  - Finalmouse Finalmouse Wireless Receiver: is tagged by udev as: Mouse
[    89.785] (II) event4  - Finalmouse Finalmouse Wireless Receiver: device is a pointer
[    89.786] (II) config/udev: Adding input device Finalmouse Finalmouse Wireless Receiver (/dev/input/mouse0)
[    89.786] (II) No input driver specified, ignoring this device.
[    89.786] (II) This device may have been added with another device file.
[    89.786] (II) config/udev: Adding input device Asus WMI hotkeys (/dev/input/event12)
[    89.786] (**) Asus WMI hotkeys: Applying InputClass "libinput keyboard catchall"
[    89.786] (II) Using input driver 'libinput' for 'Asus WMI hotkeys'
[    89.786] (II) systemd-logind: got fd for /dev/input/event12 13:76 fd 53 paused 0
[    89.786] (**) Asus WMI hotkeys: always reports core events
[    89.786] (**) Option "Device" "/dev/input/event12"
[    89.786] (II) event12 - Asus WMI hotkeys: is tagged by udev as: Keyboard
[    89.786] (II) event12 - Asus WMI hotkeys: device is a keyboard
[    89.786] (II) event12 - Asus WMI hotkeys: device removed
[    89.786] (**) Option "config_info" "udev:/sys/devices/platform/asus-nb-wmi/input/input12/event12"
[    89.786] (II) XINPUT: Adding extended input device "Asus WMI hotkeys" (type: KEYBOARD, id 17)
[    89.787] (II) event12 - Asus WMI hotkeys: is tagged by udev as: Keyboard
[    89.787] (II) event12 - Asus WMI hotkeys: device is a keyboard
[    89.787] (II) config/udev: Adding input device Eee PC WMI hotkeys (/dev/input/event13)
[    89.787] (**) Eee PC WMI hotkeys: Applying InputClass "libinput keyboard catchall"
[    89.787] (II) Using input driver 'libinput' for 'Eee PC WMI hotkeys'
[    89.787] (II) systemd-logind: got fd for /dev/input/event13 13:77 fd 54 paused 0
[    89.787] (**) Eee PC WMI hotkeys: always reports core events
[    89.787] (**) Option "Device" "/dev/input/event13"
[    89.787] (II) event13 - Eee PC WMI hotkeys: is tagged by udev as: Keyboard
[    89.787] (II) event13 - Eee PC WMI hotkeys: device is a keyboard
[    89.787] (II) event13 - Eee PC WMI hotkeys: device removed
[    89.787] (**) Option "config_info" "udev:/sys/devices/platform/eeepc-wmi/input/input13/event13"
[    89.787] (II) XINPUT: Adding extended input device "Eee PC WMI hotkeys" (type: KEYBOARD, id 18)
[    89.787] (II) event13 - Eee PC WMI hotkeys: is tagged by udev as: Keyboard
[    89.787] (II) event13 - Eee PC WMI hotkeys: device is a keyboard
[    89.788] (II) config/udev: Adding input device PC Speaker (/dev/input/event11)
[    89.788] (II) No input driver specified, ignoring this device.
[    89.788] (II) This device may have been added with another device file.
[    89.789] (**) Yiancar-Designs Keycult Zero Consumer Control: Applying InputClass "libinput keyboard catchall"
[    89.789] (II) Using input driver 'libinput' for 'Yiancar-Designs Keycult Zero Consumer Control'
[    89.789] (II) systemd-logind: returning pre-existing fd for /dev/input/event8 13:72
[    89.789] (**) Yiancar-Designs Keycult Zero Consumer Control: always reports core events
[    89.789] (**) Option "Device" "/dev/input/event8"
[    89.789] (II) libinput: Yiancar-Designs Keycult Zero Consumer Control: is a virtual subdevice
[    89.789] (**) Option "config_info" "udev:/sys/devices/pci0000:00/0000:00:02.1/0000:03:00.0/0000:04:0c.0/0000:0a:00.0/usb1/1-5/1-5:1.2/0003:8968:6337.0005/input/input8/event8"
[    89.789] (II) XINPUT: Adding extended input device "Yiancar-Designs Keycult Zero Consumer Control" (type: KEYBOARD, id 19)
[    89.790] (**) Generic Blue Microphones Consumer Control: Applying InputClass "libinput keyboard catchall"
[    89.790] (II) Using input driver 'libinput' for 'Generic Blue Microphones Consumer Control'
[    89.790] (II) systemd-logind: returning pre-existing fd for /dev/input/event2 13:66
[    89.790] (**) Generic Blue Microphones Consumer Control: always reports core events
[    89.790] (**) Option "Device" "/dev/input/event2"
[    89.790] (II) libinput: Generic Blue Microphones Consumer Control: is a virtual subdevice
[    89.790] (**) Option "config_info" "udev:/sys/devices/pci0000:00/0000:00:08.1/0000:0d:00.3/usb3/3-2/3-2:1.3/0003:046D:0AB7.0001/input/input2/event2"
[    89.790] (II) XINPUT: Adding extended input device "Generic Blue Microphones Consumer Control" (type: KEYBOARD, id 20)
[   312.794] (**) Option "fd" "40"
[   312.794] (II) event1  - Power Button: device removed
[   312.794] (**) Option "fd" "43"
[   312.794] (II) event10 - Video Bus: device removed
[   312.794] (**) Option "fd" "44"
[   312.794] (II) event0  - Power Button: device removed
[   312.794] (**) Option "fd" "45"
[   312.794] (II) event5  - Yiancar-Designs Keycult Zero: device removed
[   312.794] (**) Option "fd" "46"
[   312.794] (II) event6  - Yiancar-Designs Keycult Zero Mouse: device removed
[   312.794] (**) Option "fd" "47"
[   312.794] (II) event7  - Yiancar-Designs Keycult Zero System Control: device removed
[   312.794] (**) Option "fd" "48"
[   312.794] (**) Option "fd" "49"
[   312.794] (II) event9  - Yiancar-Designs Keycult Zero Keyboard: device removed
[   312.794] (**) Option "fd" "50"
[   312.794] (**) Option "fd" "51"
[   312.794] (II) event3  - Generic Blue Microphones: device removed
[   312.794] (**) Option "fd" "52"
[   312.794] (II) event4  - Finalmouse Finalmouse Wireless Receiver: device removed
[   312.794] (**) Option "fd" "53"
[   312.794] (II) event12 - Asus WMI hotkeys: device removed
[   312.794] (**) Option "fd" "54"
[   312.794] (II) event13 - Eee PC WMI hotkeys: device removed
[   312.795] (**) Option "fd" "48"
[   312.795] (II) event8  - Yiancar-Designs Keycult Zero Consumer Control: device removed
[   312.795] (**) Option "fd" "50"
[   312.795] (II) event2  - Generic Blue Microphones Consumer Control: device removed
[   313.070] (II) systemd-logind: got pause for 13:69
[   313.070] (II) systemd-logind: got pause for 13:68
[   313.070] (II) systemd-logind: got pause for 13:72
[   313.070] (II) systemd-logind: got pause for 13:77
[   313.070] (II) systemd-logind: got pause for 13:73
[   313.070] (II) systemd-logind: got pause for 13:71
[   313.070] (II) systemd-logind: got pause for 13:65
[   313.071] (II) systemd-logind: got pause for 13:66
[   313.071] (II) systemd-logind: got pause for 13:74
[   313.071] (II) systemd-logind: got pause for 13:76
[   313.071] (II) systemd-logind: got pause for 13:67
[   313.071] (II) systemd-logind: got pause for 13:64
[   313.071] (II) systemd-logind: got pause for 13:70
[   477.862] (II) systemd-logind: got resume for 13:69
[   477.874] (II) systemd-logind: got resume for 13:68
[   477.891] (II) systemd-logind: got resume for 13:72
[   477.907] (II) systemd-logind: got resume for 13:77
[   477.915] (II) systemd-logind: got resume for 13:73
[   477.924] (II) systemd-logind: got resume for 13:71
[   477.933] (II) systemd-logind: got resume for 13:65
[   477.947] (II) systemd-logind: got resume for 13:66
[   477.957] (II) systemd-logind: got resume for 13:74
[   477.967] (II) systemd-logind: got resume for 13:76
[   477.983] (II) systemd-logind: got resume for 13:67
[   477.983] (II) systemd-logind: got resume for 226:1
[   478.026] (--) NVIDIA(GPU-0): DFP-0: disconnected
[   478.026] (--) NVIDIA(GPU-0): DFP-0: Internal TMDS
[   478.026] (--) NVIDIA(GPU-0): DFP-0: 165.0 MHz maximum pixel clock
[   478.026] (--) NVIDIA(GPU-0): 
[   478.026] (--) NVIDIA(GPU-0): DFP-1: disconnected
[   478.026] (--) NVIDIA(GPU-0): DFP-1: Internal DisplayPort
[   478.026] (--) NVIDIA(GPU-0): DFP-1: 2670.0 MHz maximum pixel clock
[   478.026] (--) NVIDIA(GPU-0): 
[   478.026] (--) NVIDIA(GPU-0): DFP-2: disconnected
[   478.026] (--) NVIDIA(GPU-0): DFP-2: Internal TMDS
[   478.026] (--) NVIDIA(GPU-0): DFP-2: 165.0 MHz maximum pixel clock
[   478.026] (--) NVIDIA(GPU-0): 
[   478.026] (--) NVIDIA(GPU-0): DFP-3: disconnected
[   478.026] (--) NVIDIA(GPU-0): DFP-3: Internal DisplayPort
[   478.026] (--) NVIDIA(GPU-0): DFP-3: 2670.0 MHz maximum pixel clock
[   478.026] (--) NVIDIA(GPU-0): 
[   478.027] (--) NVIDIA(GPU-0): DFP-4: disconnected
[   478.027] (--) NVIDIA(GPU-0): DFP-4: Internal TMDS
[   478.027] (--) NVIDIA(GPU-0): DFP-4: 165.0 MHz maximum pixel clock
[   478.027] (--) NVIDIA(GPU-0): 
[   478.028] (--) NVIDIA(GPU-0): DELL P2423D (DFP-5): connected
[   478.028] (--) NVIDIA(GPU-0): DELL P2423D (DFP-5): Internal DisplayPort
[   478.028] (--) NVIDIA(GPU-0): DELL P2423D (DFP-5): 2670.0 MHz maximum pixel clock
[   478.028] (--) NVIDIA(GPU-0): 
[   478.035] (--) NVIDIA(GPU-0): DFP-6: disconnected
[   478.035] (--) NVIDIA(GPU-0): DFP-6: Internal TMDS
[   478.035] (--) NVIDIA(GPU-0): DFP-6: 165.0 MHz maximum pixel clock
[   478.035] (--) NVIDIA(GPU-0): 
[   478.175] (II) NVIDIA(0): Setting mode "DFP-5:nvidia-auto-select"
[   478.242] (II) NVIDIA(0): ACPI: failed to connect to the ACPI event daemon; the daemon
[   478.242] (II) NVIDIA(0):     may not be running or the "AcpidSocketPath" X
[   478.242] (II) NVIDIA(0):     configuration option may not be set correctly.  When the
[   478.242] (II) NVIDIA(0):     ACPI event daemon is available, the NVIDIA X driver will
[   478.242] (II) NVIDIA(0):     try to use it to receive ACPI event notifications.  For
[   478.242] (II) NVIDIA(0):     details, please see the "ConnectToAcpid" and
[   478.242] (II) NVIDIA(0):     "AcpidSocketPath" X configuration options in Appendix B: X
[   478.242] (II) NVIDIA(0):     Config Options in the README.
[   478.258] (II) event1  - Power Button: is tagged by udev as: Keyboard
[   478.258] (II) event1  - Power Button: device is a keyboard
[   478.258] (II) event10 - Video Bus: is tagged by udev as: Keyboard
[   478.258] (II) event10 - Video Bus: device is a keyboard
[   478.259] (II) event5  - Yiancar-Designs Keycult Zero: is tagged by udev as: Keyboard
[   478.259] (II) event5  - Yiancar-Designs Keycult Zero: device is a keyboard
[   478.259] (II) event7  - Yiancar-Designs Keycult Zero System Control: is tagged by udev as: Keyboard Joystick
[   478.259] (II) event7  - Yiancar-Designs Keycult Zero System Control: device is a keyboard
[   478.260] (II) event8  - Yiancar-Designs Keycult Zero Consumer Control: is tagged by udev as: Keyboard
[   478.260] (II) event8  - Yiancar-Designs Keycult Zero Consumer Control: device is a keyboard
[   478.260] (II) event9  - Yiancar-Designs Keycult Zero Keyboard: is tagged by udev as: Keyboard
[   478.260] (II) event9  - Yiancar-Designs Keycult Zero Keyboard: device is a keyboard
[   478.261] (II) event2  - Generic Blue Microphones Consumer Control: is tagged by udev as: Keyboard
[   478.261] (II) event2  - Generic Blue Microphones Consumer Control: device is a keyboard
[   478.261] (II) event3  - Generic Blue Microphones: is tagged by udev as: Keyboard
[   478.261] (II) event3  - Generic Blue Microphones: device is a keyboard
[   478.262] (II) event4  - Finalmouse Finalmouse Wireless Receiver: is tagged by udev as: Mouse
[   478.262] (II) event4  - Finalmouse Finalmouse Wireless Receiver: device is a pointer
[   478.262] (II) event12 - Asus WMI hotkeys: is tagged by udev as: Keyboard
[   478.262] (II) event12 - Asus WMI hotkeys: device is a keyboard
[   478.262] (II) event13 - Eee PC WMI hotkeys: is tagged by udev as: Keyboard
[   478.262] (II) event13 - Eee PC WMI hotkeys: device is a keyboard
[   478.262] (**) Option "fd" "48"
[   478.262] (II) event1  - Power Button: device removed
[   478.262] (**) Option "fd" "50"
[   478.262] (II) event10 - Video Bus: device removed
[   478.262] (**) Option "fd" "40"
[   478.262] (II) event5  - Yiancar-Designs Keycult Zero: device removed
[   478.262] (**) Option "fd" "47"
[   478.262] (II) event7  - Yiancar-Designs Keycult Zero System Control: device removed
[   478.263] (**) Option "fd" "44"
[   478.263] (**) Option "fd" "46"
[   478.263] (II) event9  - Yiancar-Designs Keycult Zero Keyboard: device removed
[   478.263] (**) Option "fd" "49"
[   478.263] (**) Option "fd" "53"
[   478.263] (II) event3  - Generic Blue Microphones: device removed
[   478.263] (**) Option "fd" "43"
[   478.263] (II) event4  - Finalmouse Finalmouse Wireless Receiver: device removed
[   478.263] (**) Option "fd" "51"
[   478.263] (II) event12 - Asus WMI hotkeys: device removed
[   478.263] (**) Option "fd" "45"
[   478.263] (II) event13 - Eee PC WMI hotkeys: device removed
[   478.263] (**) Option "fd" "44"
[   478.263] (II) event8  - Yiancar-Designs Keycult Zero Consumer Control: device removed
[   478.263] (**) Option "fd" "49"
[   478.263] (II) event2  - Generic Blue Microphones Consumer Control: device removed
[   478.415] (II) systemd-logind: got resume for 13:64
[   478.415] (II) systemd-logind: got resume for 13:70
[   478.415] (II) systemd-logind: got pause for 13:69
[   478.415] (II) systemd-logind: got pause for 13:68
[   478.415] (II) systemd-logind: got pause for 13:72
[   478.415] (II) systemd-logind: got pause for 13:77
[   478.415] (II) systemd-logind: got pause for 13:73
[   478.415] (II) systemd-logind: got pause for 13:71
[   478.415] (II) systemd-logind: got pause for 13:65
[   478.415] (II) systemd-logind: got pause for 13:66
[   478.415] (II) systemd-logind: got pause for 13:74
[   478.415] (II) systemd-logind: got pause for 13:76
[   478.415] (II) systemd-logind: got pause for 13:67
[   478.415] (II) systemd-logind: got pause for 13:64
[   478.415] (II) systemd-logind: got pause for 13:70
[   601.409] (II) systemd-logind: got resume for 13:69
[   601.431] (II) systemd-logind: got resume for 13:68
[   601.444] (II) systemd-logind: got resume for 13:72
[   601.457] (II) systemd-logind: got resume for 13:77
[   601.465] (II) systemd-logind: got resume for 13:73
[   601.474] (II) systemd-logind: got resume for 13:71
[   601.484] (II) systemd-logind: got resume for 13:65
[   601.498] (II) systemd-logind: got resume for 13:66
[   601.507] (II) systemd-logind: got resume for 13:74
[   601.512] (II) systemd-logind: got resume for 13:76
[   601.518] (II) systemd-logind: got resume for 13:67
[   601.518] (II) systemd-logind: got resume for 226:1
[   601.558] (--) NVIDIA(GPU-0): DFP-0: disconnected
[   601.558] (--) NVIDIA(GPU-0): DFP-0: Internal TMDS
[   601.558] (--) NVIDIA(GPU-0): DFP-0: 165.0 MHz maximum pixel clock
[   601.558] (--) NVIDIA(GPU-0): 
[   601.558] (--) NVIDIA(GPU-0): DFP-1: disconnected
[   601.558] (--) NVIDIA(GPU-0): DFP-1: Internal DisplayPort
[   601.558] (--) NVIDIA(GPU-0): DFP-1: 2670.0 MHz maximum pixel clock
[   601.558] (--) NVIDIA(GPU-0): 
[   601.559] (--) NVIDIA(GPU-0): DFP-2: disconnected
[   601.559] (--) NVIDIA(GPU-0): DFP-2: Internal TMDS
[   601.559] (--) NVIDIA(GPU-0): DFP-2: 165.0 MHz maximum pixel clock
[   601.559] (--) NVIDIA(GPU-0): 
[   601.559] (--) NVIDIA(GPU-0): DFP-3: disconnected
[   601.559] (--) NVIDIA(GPU-0): DFP-3: Internal DisplayPort
[   601.559] (--) NVIDIA(GPU-0): DFP-3: 2670.0 MHz maximum pixel clock
[   601.559] (--) NVIDIA(GPU-0): 
[   601.560] (--) NVIDIA(GPU-0): DFP-4: disconnected
[   601.560] (--) NVIDIA(GPU-0): DFP-4: Internal TMDS
[   601.560] (--) NVIDIA(GPU-0): DFP-4: 165.0 MHz maximum pixel clock
[   601.560] (--) NVIDIA(GPU-0): 
[   601.561] (--) NVIDIA(GPU-0): DELL P2423D (DFP-5): connected
[   601.561] (--) NVIDIA(GPU-0): DELL P2423D (DFP-5): Internal DisplayPort
[   601.561] (--) NVIDIA(GPU-0): DELL P2423D (DFP-5): 2670.0 MHz maximum pixel clock
[   601.561] (--) NVIDIA(GPU-0): 
[   601.569] (--) NVIDIA(GPU-0): DFP-6: disconnected
[   601.569] (--) NVIDIA(GPU-0): DFP-6: Internal TMDS
[   601.569] (--) NVIDIA(GPU-0): DFP-6: 165.0 MHz maximum pixel clock
[   601.569] (--) NVIDIA(GPU-0): 
[   601.730] (II) NVIDIA(0): Setting mode "DFP-5:nvidia-auto-select"
[   601.794] (II) NVIDIA(0): ACPI: failed to connect to the ACPI event daemon; the daemon
[   601.794] (II) NVIDIA(0):     may not be running or the "AcpidSocketPath" X
[   601.794] (II) NVIDIA(0):     configuration option may not be set correctly.  When the
[   601.794] (II) NVIDIA(0):     ACPI event daemon is available, the NVIDIA X driver will
[   601.794] (II) NVIDIA(0):     try to use it to receive ACPI event notifications.  For
[   601.794] (II) NVIDIA(0):     details, please see the "ConnectToAcpid" and
[   601.794] (II) NVIDIA(0):     "AcpidSocketPath" X configuration options in Appendix B: X
[   601.794] (II) NVIDIA(0):     Config Options in the README.
[   601.808] (II) event1  - Power Button: is tagged by udev as: Keyboard
[   601.808] (II) event1  - Power Button: device is a keyboard
[   601.809] (II) event10 - Video Bus: is tagged by udev as: Keyboard
[   601.809] (II) event10 - Video Bus: device is a keyboard
[   601.809] (II) event5  - Yiancar-Designs Keycult Zero: is tagged by udev as: Keyboard
[   601.809] (II) event5  - Yiancar-Designs Keycult Zero: device is a keyboard
[   601.810] (II) event7  - Yiancar-Designs Keycult Zero System Control: is tagged by udev as: Keyboard Joystick
[   601.810] (II) event7  - Yiancar-Designs Keycult Zero System Control: device is a keyboard
[   601.810] (II) event8  - Yiancar-Designs Keycult Zero Consumer Control: is tagged by udev as: Keyboard
[   601.810] (II) event8  - Yiancar-Designs Keycult Zero Consumer Control: device is a keyboard
[   601.811] (II) event9  - Yiancar-Designs Keycult Zero Keyboard: is tagged by udev as: Keyboard
[   601.811] (II) event9  - Yiancar-Designs Keycult Zero Keyboard: device is a keyboard
[   601.811] (II) event2  - Generic Blue Microphones Consumer Control: is tagged by udev as: Keyboard
[   601.811] (II) event2  - Generic Blue Microphones Consumer Control: device is a keyboard
[   601.812] (II) event3  - Generic Blue Microphones: is tagged by udev as: Keyboard
[   601.812] (II) event3  - Generic Blue Microphones: device is a keyboard
[   601.812] (II) event4  - Finalmouse Finalmouse Wireless Receiver: is tagged by udev as: Mouse
[   601.812] (II) event4  - Finalmouse Finalmouse Wireless Receiver: device is a pointer
[   601.812] (II) event12 - Asus WMI hotkeys: is tagged by udev as: Keyboard
[   601.812] (II) event12 - Asus WMI hotkeys: device is a keyboard
[   601.812] (II) event13 - Eee PC WMI hotkeys: is tagged by udev as: Keyboard
[   601.812] (II) event13 - Eee PC WMI hotkeys: device is a keyboard
[   601.813] (**) Option "fd" "49"
[   601.813] (II) event1  - Power Button: device removed
[   601.813] (**) Option "fd" "51"
[   601.813] (II) event10 - Video Bus: device removed
[   601.813] (**) Option "fd" "43"
[   601.813] (II) event5  - Yiancar-Designs Keycult Zero: device removed
[   601.813] (**) Option "fd" "48"
[   601.813] (II) event7  - Yiancar-Designs Keycult Zero System Control: device removed
[   601.813] (**) Option "fd" "45"
[   601.813] (**) Option "fd" "47"
[   601.813] (II) event9  - Yiancar-Designs Keycult Zero Keyboard: device removed
[   601.813] (**) Option "fd" "50"
[   601.813] (**) Option "fd" "53"
[   601.813] (II) event3  - Generic Blue Microphones: device removed
[   601.813] (**) Option "fd" "44"
[   601.813] (II) event4  - Finalmouse Finalmouse Wireless Receiver: device removed
[   601.813] (**) Option "fd" "52"
[   601.813] (II) event12 - Asus WMI hotkeys: device removed
[   601.813] (**) Option "fd" "46"
[   601.813] (II) event13 - Eee PC WMI hotkeys: device removed
[   601.813] (**) Option "fd" "45"
[   601.813] (II) event8  - Yiancar-Designs Keycult Zero Consumer Control: device removed
[   601.813] (**) Option "fd" "50"
[   601.813] (II) event2  - Generic Blue Microphones Consumer Control: device removed
[   601.958] (II) systemd-logind: got resume for 13:64
[   601.958] (II) systemd-logind: got resume for 13:70
[   601.958] (II) systemd-logind: got pause for 13:69
[   601.958] (II) systemd-logind: got pause for 13:68
[   601.958] (II) systemd-logind: got pause for 13:72
[   601.958] (II) systemd-logind: got pause for 13:77
[   601.958] (II) systemd-logind: got pause for 13:73
[   601.958] (II) systemd-logind: got pause for 13:71
[   601.958] (II) systemd-logind: got pause for 13:65
[   601.958] (II) systemd-logind: got pause for 13:66
[   601.958] (II) systemd-logind: got pause for 13:74
[   601.958] (II) systemd-logind: got pause for 13:76
[   601.958] (II) systemd-logind: got pause for 13:67
[   601.958] (II) systemd-logind: got pause for 13:64
[   601.958] (II) systemd-logind: got pause for 13:70
[   843.591] (II) systemd-logind: got resume for 13:69
[   843.605] (II) systemd-logind: got resume for 13:68
[   843.620] (II) systemd-logind: got resume for 13:72
[   843.634] (II) systemd-logind: got resume for 13:77
[   843.642] (II) systemd-logind: got resume for 13:73
[   843.649] (II) systemd-logind: got resume for 13:71
[   843.657] (II) systemd-logind: got resume for 13:65
[   843.670] (II) systemd-logind: got resume for 13:66
[   843.679] (II) systemd-logind: got resume for 13:74
[   843.688] (II) systemd-logind: got resume for 13:76
[   843.698] (II) systemd-logind: got resume for 13:67
[   843.698] (II) systemd-logind: got resume for 226:1
[   843.744] (--) NVIDIA(GPU-0): DFP-0: disconnected
[   843.744] (--) NVIDIA(GPU-0): DFP-0: Internal TMDS
[   843.744] (--) NVIDIA(GPU-0): DFP-0: 165.0 MHz maximum pixel clock
[   843.744] (--) NVIDIA(GPU-0): 
[   843.744] (--) NVIDIA(GPU-0): DFP-1: disconnected
[   843.744] (--) NVIDIA(GPU-0): DFP-1: Internal DisplayPort
[   843.744] (--) NVIDIA(GPU-0): DFP-1: 2670.0 MHz maximum pixel clock
[   843.744] (--) NVIDIA(GPU-0): 
[   843.744] (--) NVIDIA(GPU-0): DFP-2: disconnected
[   843.744] (--) NVIDIA(GPU-0): DFP-2: Internal TMDS
[   843.744] (--) NVIDIA(GPU-0): DFP-2: 165.0 MHz maximum pixel clock
[   843.744] (--) NVIDIA(GPU-0): 
[   843.744] (--) NVIDIA(GPU-0): DFP-3: disconnected
[   843.744] (--) NVIDIA(GPU-0): DFP-3: Internal DisplayPort
[   843.744] (--) NVIDIA(GPU-0): DFP-3: 2670.0 MHz maximum pixel clock
[   843.744] (--) NVIDIA(GPU-0): 
[   843.745] (--) NVIDIA(GPU-0): DFP-4: disconnected
[   843.745] (--) NVIDIA(GPU-0): DFP-4: Internal TMDS
[   843.745] (--) NVIDIA(GPU-0): DFP-4: 165.0 MHz maximum pixel clock
[   843.745] (--) NVIDIA(GPU-0): 
[   843.746] (--) NVIDIA(GPU-0): DELL P2423D (DFP-5): connected
[   843.746] (--) NVIDIA(GPU-0): DELL P2423D (DFP-5): Internal DisplayPort
[   843.746] (--) NVIDIA(GPU-0): DELL P2423D (DFP-5): 2670.0 MHz maximum pixel clock
[   843.746] (--) NVIDIA(GPU-0): 
[   843.753] (--) NVIDIA(GPU-0): DFP-6: disconnected
[   843.753] (--) NVIDIA(GPU-0): DFP-6: Internal TMDS
[   843.753] (--) NVIDIA(GPU-0): DFP-6: 165.0 MHz maximum pixel clock
[   843.753] (--) NVIDIA(GPU-0): 
[   843.910] (II) NVIDIA(0): Setting mode "DFP-5:nvidia-auto-select"
[   843.974] (II) NVIDIA(0): ACPI: failed to connect to the ACPI event daemon; the daemon
[   843.974] (II) NVIDIA(0):     may not be running or the "AcpidSocketPath" X
[   843.974] (II) NVIDIA(0):     configuration option may not be set correctly.  When the
[   843.974] (II) NVIDIA(0):     ACPI event daemon is available, the NVIDIA X driver will
[   843.974] (II) NVIDIA(0):     try to use it to receive ACPI event notifications.  For
[   843.974] (II) NVIDIA(0):     details, please see the "ConnectToAcpid" and
[   843.974] (II) NVIDIA(0):     "AcpidSocketPath" X configuration options in Appendix B: X
[   843.974] (II) NVIDIA(0):     Config Options in the README.
[   843.989] (II) event1  - Power Button: is tagged by udev as: Keyboard
[   843.989] (II) event1  - Power Button: device is a keyboard
[   843.990] (II) event10 - Video Bus: is tagged by udev as: Keyboard
[   843.990] (II) event10 - Video Bus: device is a keyboard
[   843.990] (II) event5  - Yiancar-Designs Keycult Zero: is tagged by udev as: Keyboard
[   843.990] (II) event5  - Yiancar-Designs Keycult Zero: device is a keyboard
[   843.991] (II) event7  - Yiancar-Designs Keycult Zero System Control: is tagged by udev as: Keyboard Joystick
[   843.991] (II) event7  - Yiancar-Designs Keycult Zero System Control: device is a keyboard
[   843.991] (II) event8  - Yiancar-Designs Keycult Zero Consumer Control: is tagged by udev as: Keyboard
[   843.991] (II) event8  - Yiancar-Designs Keycult Zero Consumer Control: device is a keyboard
[   843.992] (II) event9  - Yiancar-Designs Keycult Zero Keyboard: is tagged by udev as: Keyboard
[   843.992] (II) event9  - Yiancar-Designs Keycult Zero Keyboard: device is a keyboard
[   843.992] (II) event2  - Generic Blue Microphones Consumer Control: is tagged by udev as: Keyboard
[   843.992] (II) event2  - Generic Blue Microphones Consumer Control: device is a keyboard
[   843.993] (II) event3  - Generic Blue Microphones: is tagged by udev as: Keyboard
[   843.993] (II) event3  - Generic Blue Microphones: device is a keyboard
[   843.993] (II) event4  - Finalmouse Finalmouse Wireless Receiver: is tagged by udev as: Mouse
[   843.993] (II) event4  - Finalmouse Finalmouse Wireless Receiver: device is a pointer
[   843.993] (II) event12 - Asus WMI hotkeys: is tagged by udev as: Keyboard
[   843.993] (II) event12 - Asus WMI hotkeys: device is a keyboard
[   843.994] (II) event13 - Eee PC WMI hotkeys: is tagged by udev as: Keyboard
[   843.994] (II) event13 - Eee PC WMI hotkeys: device is a keyboard
[   843.994] (**) Option "fd" "49"
[   843.994] (II) event1  - Power Button: device removed
[   843.994] (**) Option "fd" "51"
[   843.994] (II) event10 - Video Bus: device removed
[   843.994] (**) Option "fd" "43"
[   843.994] (II) event5  - Yiancar-Designs Keycult Zero: device removed
[   843.994] (**) Option "fd" "48"
[   843.994] (II) event7  - Yiancar-Designs Keycult Zero System Control: device removed
[   843.994] (**) Option "fd" "45"
[   843.994] (**) Option "fd" "47"
[   843.994] (II) event9  - Yiancar-Designs Keycult Zero Keyboard: device removed
[   843.994] (**) Option "fd" "50"
[   843.994] (**) Option "fd" "58"
[   843.994] (II) event3  - Generic Blue Microphones: device removed
[   843.994] (**) Option "fd" "44"
[   843.994] (II) event4  - Finalmouse Finalmouse Wireless Receiver: device removed
[   843.994] (**) Option "fd" "52"
[   843.994] (II) event12 - Asus WMI hotkeys: device removed
[   843.994] (**) Option "fd" "46"
[   843.994] (II) event13 - Eee PC WMI hotkeys: device removed
[   843.994] (**) Option "fd" "45"
[   843.994] (II) event8  - Yiancar-Designs Keycult Zero Consumer Control: device removed
[   843.994] (**) Option "fd" "50"
[   843.994] (II) event2  - Generic Blue Microphones Consumer Control: device removed
[   844.161] (II) systemd-logind: got resume for 13:64
[   844.161] (II) systemd-logind: got resume for 13:70
[   844.161] (II) systemd-logind: got pause for 13:69
[   844.161] (II) systemd-logind: got pause for 13:68
[   844.161] (II) systemd-logind: got pause for 13:72
[   844.161] (II) systemd-logind: got pause for 13:77
[   844.161] (II) systemd-logind: got pause for 13:73
[   844.161] (II) systemd-logind: got pause for 13:71
[   844.161] (II) systemd-logind: got pause for 13:65
[   844.161] (II) systemd-logind: got pause for 13:66
[   844.161] (II) systemd-logind: got pause for 13:74
[   844.161] (II) systemd-logind: got pause for 13:76
[   844.161] (II) systemd-logind: got pause for 13:67
[   844.161] (II) systemd-logind: got pause for 13:64
[   844.161] (II) systemd-logind: got pause for 13:70
[  1267.079] (II) systemd-logind: got resume for 13:69
[  1267.122] (II) systemd-logind: got resume for 13:68
[  1267.122] (II) systemd-logind: got resume for 13:72
[  1267.165] (II) systemd-logind: got resume for 13:77
[  1267.165] (II) systemd-logind: got resume for 13:73
[  1267.165] (II) systemd-logind: got resume for 13:71
[  1267.182] (II) systemd-logind: got resume for 13:65
[  1267.192] (II) systemd-logind: got resume for 13:66
[  1267.209] (II) systemd-logind: got resume for 13:74
[  1267.225] (II) systemd-logind: got resume for 13:76
[  1267.242] (II) systemd-logind: got resume for 13:67
[  1267.242] (II) systemd-logind: got resume for 226:1
[  1267.281] (--) NVIDIA(GPU-0): DFP-0: disconnected
[  1267.281] (--) NVIDIA(GPU-0): DFP-0: Internal TMDS
[  1267.281] (--) NVIDIA(GPU-0): DFP-0: 165.0 MHz maximum pixel clock
[  1267.281] (--) NVIDIA(GPU-0): 
[  1267.281] (--) NVIDIA(GPU-0): DFP-1: disconnected
[  1267.281] (--) NVIDIA(GPU-0): DFP-1: Internal DisplayPort
[  1267.281] (--) NVIDIA(GPU-0): DFP-1: 2670.0 MHz maximum pixel clock
[  1267.281] (--) NVIDIA(GPU-0): 
[  1267.282] (--) NVIDIA(GPU-0): DFP-2: disconnected
[  1267.282] (--) NVIDIA(GPU-0): DFP-2: Internal TMDS
[  1267.282] (--) NVIDIA(GPU-0): DFP-2: 165.0 MHz maximum pixel clock
[  1267.282] (--) NVIDIA(GPU-0): 
[  1267.282] (--) NVIDIA(GPU-0): DFP-3: disconnected
[  1267.282] (--) NVIDIA(GPU-0): DFP-3: Internal DisplayPort
[  1267.282] (--) NVIDIA(GPU-0): DFP-3: 2670.0 MHz maximum pixel clock
[  1267.282] (--) NVIDIA(GPU-0): 
[  1267.282] (--) NVIDIA(GPU-0): DFP-4: disconnected
[  1267.282] (--) NVIDIA(GPU-0): DFP-4: Internal TMDS
[  1267.282] (--) NVIDIA(GPU-0): DFP-4: 165.0 MHz maximum pixel clock
[  1267.282] (--) NVIDIA(GPU-0): 
[  1267.283] (--) NVIDIA(GPU-0): DELL P2423D (DFP-5): connected
[  1267.283] (--) NVIDIA(GPU-0): DELL P2423D (DFP-5): Internal DisplayPort
[  1267.283] (--) NVIDIA(GPU-0): DELL P2423D (DFP-5): 2670.0 MHz maximum pixel clock
[  1267.283] (--) NVIDIA(GPU-0): 
[  1267.291] (--) NVIDIA(GPU-0): DFP-6: disconnected
[  1267.291] (--) NVIDIA(GPU-0): DFP-6: Internal TMDS
[  1267.291] (--) NVIDIA(GPU-0): DFP-6: 165.0 MHz maximum pixel clock
[  1267.291] (--) NVIDIA(GPU-0): 
[  1267.444] (II) NVIDIA(0): Setting mode "DFP-5:nvidia-auto-select"
[  1267.508] (II) NVIDIA(0): ACPI: failed to connect to the ACPI event daemon; the daemon
[  1267.508] (II) NVIDIA(0):     may not be running or the "AcpidSocketPath" X
[  1267.508] (II) NVIDIA(0):     configuration option may not be set correctly.  When the
[  1267.508] (II) NVIDIA(0):     ACPI event daemon is available, the NVIDIA X driver will
[  1267.508] (II) NVIDIA(0):     try to use it to receive ACPI event notifications.  For
[  1267.508] (II) NVIDIA(0):     details, please see the "ConnectToAcpid" and
[  1267.508] (II) NVIDIA(0):     "AcpidSocketPath" X configuration options in Appendix B: X
[  1267.508] (II) NVIDIA(0):     Config Options in the README.
[  1267.547] (II) event1  - Power Button: is tagged by udev as: Keyboard
[  1267.547] (II) event1  - Power Button: device is a keyboard
[  1267.547] (II) event10 - Video Bus: is tagged by udev as: Keyboard
[  1267.547] (II) event10 - Video Bus: device is a keyboard
[  1267.548] (II) event5  - Yiancar-Designs Keycult Zero: is tagged by udev as: Keyboard
[  1267.548] (II) event5  - Yiancar-Designs Keycult Zero: device is a keyboard
[  1267.548] (II) event7  - Yiancar-Designs Keycult Zero System Control: is tagged by udev as: Keyboard Joystick
[  1267.549] (II) event7  - Yiancar-Designs Keycult Zero System Control: device is a keyboard
[  1267.549] (II) event8  - Yiancar-Designs Keycult Zero Consumer Control: is tagged by udev as: Keyboard
[  1267.549] (II) event8  - Yiancar-Designs Keycult Zero Consumer Control: device is a keyboard
[  1267.549] (II) event9  - Yiancar-Designs Keycult Zero Keyboard: is tagged by udev as: Keyboard
[  1267.549] (II) event9  - Yiancar-Designs Keycult Zero Keyboard: device is a keyboard
[  1267.550] (II) event2  - Generic Blue Microphones Consumer Control: is tagged by udev as: Keyboard
[  1267.550] (II) event2  - Generic Blue Microphones Consumer Control: device is a keyboard
[  1267.550] (II) event3  - Generic Blue Microphones: is tagged by udev as: Keyboard
[  1267.550] (II) event3  - Generic Blue Microphones: device is a keyboard
[  1267.551] (II) event4  - Finalmouse Finalmouse Wireless Receiver: is tagged by udev as: Mouse
[  1267.551] (II) event4  - Finalmouse Finalmouse Wireless Receiver: device is a pointer
[  1267.551] (II) event12 - Asus WMI hotkeys: is tagged by udev as: Keyboard
[  1267.551] (II) event12 - Asus WMI hotkeys: device is a keyboard
[  1267.551] (II) event13 - Eee PC WMI hotkeys: is tagged by udev as: Keyboard
[  1267.551] (II) event13 - Eee PC WMI hotkeys: device is a keyboard
[  1267.577] (**) Option "fd" "52"
[  1267.577] (II) event1  - Power Button: device removed
[  1267.577] (**) Option "fd" "58"
[  1267.577] (II) event10 - Video Bus: device removed
[  1267.577] (**) Option "fd" "46"
[  1267.577] (II) event5  - Yiancar-Designs Keycult Zero: device removed
[  1267.577] (**) Option "fd" "49"
[  1267.577] (II) event7  - Yiancar-Designs Keycult Zero System Control: device removed
[  1267.577] (**) Option "fd" "45"
[  1267.577] (**) Option "fd" "47"
[  1267.577] (II) event9  - Yiancar-Designs Keycult Zero Keyboard: device removed
[  1267.577] (**) Option "fd" "53"
[  1267.577] (**) Option "fd" "67"
[  1267.577] (II) event3  - Generic Blue Microphones: device removed
[  1267.577] (**) Option "fd" "48"
[  1267.577] (II) event4  - Finalmouse Finalmouse Wireless Receiver: device removed
[  1267.577] (**) Option "fd" "59"
[  1267.577] (II) event12 - Asus WMI hotkeys: device removed
[  1267.577] (**) Option "fd" "51"
[  1267.577] (II) event13 - Eee PC WMI hotkeys: device removed
[  1267.577] (**) Option "fd" "45"
[  1267.577] (II) event8  - Yiancar-Designs Keycult Zero Consumer Control: device removed
[  1267.577] (**) Option "fd" "53"
[  1267.577] (II) event2  - Generic Blue Microphones Consumer Control: device removed
[  1267.725] (II) systemd-logind: got resume for 13:64
[  1267.725] (II) systemd-logind: got resume for 13:70
[  1267.725] (II) systemd-logind: got pause for 13:69
[  1267.725] (II) systemd-logind: got pause for 13:68
[  1267.725] (II) systemd-logind: got pause for 13:72
[  1267.725] (II) systemd-logind: got pause for 13:77
[  1267.725] (II) systemd-logind: got pause for 13:73
[  1267.725] (II) systemd-logind: got pause for 13:71
[  1267.725] (II) systemd-logind: got pause for 13:65
[  1267.725] (II) systemd-logind: got pause for 13:66
[  1267.725] (II) systemd-logind: got pause for 13:74
[  1267.725] (II) systemd-logind: got pause for 13:76
[  1267.725] (II) systemd-logind: got pause for 13:67
[  1267.725] (II) systemd-logind: got pause for 13:64
[  1267.725] (II) systemd-logind: got pause for 13:70
[ 18708.688] (II) UnloadModule: "libinput"
[ 18708.688] (II) systemd-logind: not releasing fd for 13:66, still in use
[ 18708.688] (II) UnloadModule: "libinput"
[ 18708.688] (II) systemd-logind: not releasing fd for 13:72, still in use
[ 18708.688] (II) UnloadModule: "libinput"
[ 18708.688] (II) systemd-logind: releasing fd for 13:77
[ 18708.714] (II) UnloadModule: "libinput"
[ 18708.714] (II) systemd-logind: releasing fd for 13:76
[ 18708.741] (II) UnloadModule: "libinput"
[ 18708.741] (II) systemd-logind: releasing fd for 13:68
[ 18708.764] (II) UnloadModule: "libinput"
[ 18708.764] (II) systemd-logind: releasing fd for 13:67
[ 18708.785] (II) UnloadModule: "libinput"
[ 18708.785] (II) systemd-logind: releasing fd for 13:66
[ 18708.795] (II) UnloadModule: "libinput"
[ 18708.795] (II) systemd-logind: releasing fd for 13:73
[ 18708.804] (II) UnloadModule: "libinput"
[ 18708.804] (II) systemd-logind: releasing fd for 13:72
[ 18708.894] (II) UnloadModule: "libinput"
[ 18708.894] (II) systemd-logind: releasing fd for 13:71
[ 18708.894] (II) UnloadModule: "libinput"
[ 18708.894] (II) systemd-logind: releasing fd for 13:69
[ 18708.894] (II) UnloadModule: "libinput"
[ 18708.894] (II) systemd-logind: releasing fd for 13:74
[ 18708.894] (II) UnloadModule: "libinput"
[ 18708.894] (II) systemd-logind: releasing fd for 13:65
[ 18708.894] (II) UnloadModule: "libinput"
[ 18708.894] (II) systemd-logind: releasing fd for 13:70
[ 18708.895] (II) UnloadModule: "libinput"
[ 18708.895] (II) systemd-logind: releasing fd for 13:64
[ 18708.916] (II) NVIDIA(GPU-0): Deleting GPU-0
[ 18708.966] (II) Server terminated successfully (0). Closing log file.
