Mar 31 12:08 : exception: Failed to open '/home/hpurdum/.config/mpd/mpdstate': No such file or directory
Mar 31 12:08 : mixer: Failed to read mixer for 'mpd alsamixer-output': no such mixer control: PCM
Mar 31 12:09 : output: Failed to open mixer for 'mpd alsamixer-output': no such mixer control: PCM
Mar 31 12:09 : alsa_output: Decoder is too slow; playing silence to avoid xrun
Mar 31 12:09 : exception: Failed to open audio output
Mar 31 12:09 : output: Failed to open mixer for 'mpd alsamixer-output': no such mixer control: PCM
Mar 31 12:09 : exception: Failed to open audio output
Mar 31 12:09 : output: Failed to open mixer for 'mpd alsamixer-output': no such mixer control: PCM
Mar 31 12:11 : player: played "Kovan & Electro-Light - Skyline [NCS Release].mp3"
Mar 31 12:14 : player: played "Kovan & Electro-Light - Skyline [NCS Release].mp3"
Mar 31 12:17 : alsa_output: Decoder is too slow; playing silence to avoid xrun
Mar 31 12:17 : player: played "Kovan & Electro-Light - Skyline [NCS Release].mp3"
Mar 31 12:17 : alsa_output: Decoder is too slow; playing silence to avoid xrun
Mar 31 12:21 : player: played "Cartoon - Más Y Más (feat. Daniel Levi) [NCS Release].mp3"
Mar 31 12:24 : player: played "Cartoon - On & On (feat. Daniel Levi) (Affe & Cole Phillips Remix) [NCS Release].mp3"
Mar 31 12:28 : player: played "Cartoon feat. Jüri Pootsmann - I Remember U (Xilent Remix) [NCS Release].mp3"
Mar 31 12:31 : player: played "Different Heaven - Far Away (Phantom Sage Remix) [NCS Release].mp3"
Mar 31 12:34 : player: played "Electro Light feat. Iain Mannix - Clearly (Venemy Remix) [NCS Release].mp3"
Mar 31 12:38 : player: played "Electro-Light - Throwback [NCS Release].mp3"
Mar 31 12:41 : player: played "Inukshuk - A World Away [NCS Release].mp3"
Mar 31 12:45 : player: played "Jim Yosef, Electro-Light, Anna Yvette, Deaf Kev & Tobu - Destiny [NCS Release].mp3"
Mar 31 12:50 : player: played "Kovan & Electro-Light - Skyline [NCS Release].mp3"
Mar 31 12:54 : player: played "Phantom Sage - Hollow [NCS Release].mp3"
Mar 31 12:58 : player: played "Phantom Sage - Silence (feat. Byndy) [NCS Release].mp3"
Mar 31 13:02 : player: played "Cartoon - Más Y Más (feat. Daniel Levi) [NCS Release].mp3"
Mar 31 13:05 : player: played "Cartoon - On & On (feat. Daniel Levi) (Affe & Cole Phillips Remix) [NCS Release].mp3"
Mar 31 13:09 : player: played "Cartoon feat. Jüri Pootsmann - I Remember U (Xilent Remix) [NCS Release].mp3"
Mar 31 13:12 : player: played "Different Heaven - Far Away (Phantom Sage Remix) [NCS Release].mp3"
Mar 31 13:15 : player: played "Electro Light feat. Iain Mannix - Clearly (Venemy Remix) [NCS Release].mp3"
Mar 31 13:19 : player: played "Electro-Light - Throwback [NCS Release].mp3"
Mar 31 13:22 : player: played "Inukshuk - A World Away [NCS Release].mp3"
Mar 31 13:26 : player: played "Jim Yosef, Electro-Light, Anna Yvette, Deaf Kev & Tobu - Destiny [NCS Release].mp3"
Mar 31 13:31 : player: played "Kovan & Electro-Light - Skyline [NCS Release].mp3"
Mar 31 13:35 : player: played "Phantom Sage - Hollow [NCS Release].mp3"
Mar 31 13:39 : player: played "Phantom Sage - Silence (feat. Byndy) [NCS Release].mp3"
Mar 31 13:43 : player: played "Cartoon - Más Y Más (feat. Daniel Levi) [NCS Release].mp3"
Mar 31 13:46 : player: played "Cartoon - On & On (feat. Daniel Levi) (Affe & Cole Phillips Remix) [NCS Release].mp3"
Mar 31 13:50 : player: played "Cartoon feat. Jüri Pootsmann - I Remember U (Xilent Remix) [NCS Release].mp3"
Mar 31 13:53 : player: played "Different Heaven - Far Away (Phantom Sage Remix) [NCS Release].mp3"
Mar 31 13:56 : player: played "Electro Light feat. Iain Mannix - Clearly (Venemy Remix) [NCS Release].mp3"
Mar 31 14:00 : player: played "Electro-Light - Throwback [NCS Release].mp3"
Mar 31 14:03 : player: played "Inukshuk - A World Away [NCS Release].mp3"
Mar 31 14:07 : player: played "Jim Yosef, Electro-Light, Anna Yvette, Deaf Kev & Tobu - Destiny [NCS Release].mp3"
Mar 31 14:12 : player: played "Kovan & Electro-Light - Skyline [NCS Release].mp3"
Mar 31 14:16 : player: played "Phantom Sage - Hollow [NCS Release].mp3"
Mar 31 14:20 : player: played "Phantom Sage - Silence (feat. Byndy) [NCS Release].mp3"
Mar 31 14:24 : player: played "Cartoon - Más Y Más (feat. Daniel Levi) [NCS Release].mp3"
Mar 31 14:27 : player: played "Cartoon - On & On (feat. Daniel Levi) (Affe & Cole Phillips Remix) [NCS Release].mp3"
Mar 31 14:31 : player: played "Cartoon feat. Jüri Pootsmann - I Remember U (Xilent Remix) [NCS Release].mp3"
Mar 31 14:34 : player: played "Different Heaven - Far Away (Phantom Sage Remix) [NCS Release].mp3"
Mar 31 14:37 : player: played "Electro Light feat. Iain Mannix - Clearly (Venemy Remix) [NCS Release].mp3"
Mar 31 14:41 : player: played "Electro-Light - Throwback [NCS Release].mp3"
Mar 31 14:44 : player: played "Inukshuk - A World Away [NCS Release].mp3"
Mar 31 14:48 : player: played "Jim Yosef, Electro-Light, Anna Yvette, Deaf Kev & Tobu - Destiny [NCS Release].mp3"
Mar 31 14:53 : player: played "Kovan & Electro-Light - Skyline [NCS Release].mp3"
Mar 31 14:57 : player: played "Phantom Sage - Hollow [NCS Release].mp3"
Mar 31 15:01 : player: played "Phantom Sage - Silence (feat. Byndy) [NCS Release].mp3"
Mar 31 15:05 : player: played "Cartoon - Más Y Más (feat. Daniel Levi) [NCS Release].mp3"
Mar 31 15:08 : player: played "Cartoon - On & On (feat. Daniel Levi) (Affe & Cole Phillips Remix) [NCS Release].mp3"
Mar 31 15:12 : player: played "Cartoon feat. Jüri Pootsmann - I Remember U (Xilent Remix) [NCS Release].mp3"
Mar 31 15:15 : player: played "Different Heaven - Far Away (Phantom Sage Remix) [NCS Release].mp3"
Mar 31 15:18 : player: played "Electro Light feat. Iain Mannix - Clearly (Venemy Remix) [NCS Release].mp3"
Mar 31 15:22 : player: played "Electro-Light - Throwback [NCS Release].mp3"
Mar 31 15:25 : player: played "Inukshuk - A World Away [NCS Release].mp3"
Mar 31 15:29 : player: played "Jim Yosef, Electro-Light, Anna Yvette, Deaf Kev & Tobu - Destiny [NCS Release].mp3"
Mar 31 15:34 : player: played "Kovan & Electro-Light - Skyline [NCS Release].mp3"
Mar 31 15:38 : player: played "Phantom Sage - Hollow [NCS Release].mp3"
Mar 31 15:42 : player: played "Phantom Sage - Silence (feat. Byndy) [NCS Release].mp3"
Mar 31 15:46 : player: played "Cartoon - Más Y Más (feat. Daniel Levi) [NCS Release].mp3"
Mar 31 15:49 : player: played "Cartoon - On & On (feat. Daniel Levi) (Affe & Cole Phillips Remix) [NCS Release].mp3"
Mar 31 15:53 : player: played "Cartoon feat. Jüri Pootsmann - I Remember U (Xilent Remix) [NCS Release].mp3"
Mar 31 15:56 : player: played "Different Heaven - Far Away (Phantom Sage Remix) [NCS Release].mp3"
Mar 31 15:59 : player: played "Electro Light feat. Iain Mannix - Clearly (Venemy Remix) [NCS Release].mp3"
Mar 31 16:03 : player: played "Electro-Light - Throwback [NCS Release].mp3"
Mar 31 16:06 : player: played "Inukshuk - A World Away [NCS Release].mp3"
Mar 31 16:10 : player: played "Jim Yosef, Electro-Light, Anna Yvette, Deaf Kev & Tobu - Destiny [NCS Release].mp3"
Mar 31 16:15 : player: played "Kovan & Electro-Light - Skyline [NCS Release].mp3"
Mar 31 16:19 : player: played "Phantom Sage - Hollow [NCS Release].mp3"
Mar 31 16:23 : player: played "Phantom Sage - Silence (feat. Byndy) [NCS Release].mp3"
Mar 31 16:27 : player: played "Cartoon - Más Y Más (feat. Daniel Levi) [NCS Release].mp3"
Mar 31 16:30 : player: played "Cartoon - On & On (feat. Daniel Levi) (Affe & Cole Phillips Remix) [NCS Release].mp3"
Mar 31 16:34 : player: played "Cartoon feat. Jüri Pootsmann - I Remember U (Xilent Remix) [NCS Release].mp3"
Mar 31 16:37 : player: played "Different Heaven - Far Away (Phantom Sage Remix) [NCS Release].mp3"
Mar 31 16:40 : player: played "Electro Light feat. Iain Mannix - Clearly (Venemy Remix) [NCS Release].mp3"
Mar 31 16:44 : player: played "Electro-Light - Throwback [NCS Release].mp3"
