[12:42:07.252][info] [#0:/home/h/.local/share/nvim/mason/packages/lua-language-server/libexec/main.lua:68]: Lua Lsp startup, root: 	/home/h/.local/share/nvim/mason/packages/lua-language-server/libexec
[12:42:07.252][info] [#0:/home/h/.local/share/nvim/mason/packages/lua-language-server/libexec/main.lua:69]: ROOT:	/home/h/.local/share/nvim/mason/packages/lua-language-server/libexec
[12:42:07.252][info] [#0:/home/h/.local/share/nvim/mason/packages/lua-language-server/libexec/main.lua:70]: LOGPATH:	/home/h/.local/share/nvim/mason/packages/lua-language-server/libexec/log
[12:42:07.252][info] [#0:/home/h/.local/share/nvim/mason/packages/lua-language-server/libexec/main.lua:71]: METAPATH:	/home/h/.local/share/nvim/mason/packages/lua-language-server/libexec/meta
[12:42:07.252][info] [#0:/home/h/.local/share/nvim/mason/packages/lua-language-server/libexec/main.lua:72]: VERSION:	3.14.0
[12:42:07.265][info] [#0:script/proto/proto.lua:260]: Listen Mode: stdio
[12:42:07.265][info] [#0:script/service/service.lua:145]: 
========= Medical Examination Report =========
    --------------- Memory ---------------
        Total: 2.263 MB
        # 00 : 2.263 MB
        # 01 : 0.000 MB
        # 02 : 0.000 MB
        # 03 : 0.000 MB
        # 04 : 0.000 MB
    --------------- Coroutine ---------------
        Total:     0
        Running:   0
        Suspended: 0
        Normal:    0
        Dead:      0
    --------------- Cache ---------------
        Total: 1
        Dead:  0
    ---------------  RPC  ---------------
        Holdon:   0
        Waiting:  0
==============================================
[12:42:07.367][info] [#0:script/client.lua:657]: Client init	{
  capabilities = {
    general = {
      positionEncodings = { "utf-8", "utf-16", "utf-32" }
    },
    textDocument = {
      callHierarchy = {
        dynamicRegistration = false
      },
      codeAction = {
        codeActionLiteralSupport = {
          codeActionKind = {
            valueSet = { "", "quickfix", "refactor", "refactor.extract", "refactor.inline", "refactor.rewrite", "source", "source.organizeImports" }
          }
        },
        dataSupport = true,
        dynamicRegistration = true,
        isPreferredSupport = true,
        resolveSupport = {
          properties = { "edit", "command" }
        }
      },
      codeLens = {
        dynamicRegistration = false,
        resolveSupport = {
          properties = { "command" }
        }
      },
      completion = {
        completionItem = {
          commitCharactersSupport = true,
          deprecatedSupport = true,
          documentationFormat = { "markdown", "plaintext" },
          insertReplaceSupport = true,
          labelDetailsSupport = true,
          preselectSupport = true,
          resolveSupport = {
            properties = { "documentation", "detail", "additionalTextEdits" }
          },
          snippetSupport = true,
          tagSupport = {
            valueSet = { 1 }
          }
        },
        completionItemKind = {
          valueSet = { 1, 2, 3, 4, 5, 6, 7, 8, 9, 10, 11, 12, 13, 14, 15, 16, 17, 18, 19, 20, 21, 22, 23, 24, 25 }
        },
        completionList = {
          itemDefaults = { "editRange", "insertTextFormat", "insertTextMode", "data" }
        },
        contextSupport = true,
        dynamicRegistration = false
      },
      declaration = {
        linkSupport = true
      },
      definition = {
        dynamicRegistration = true,
        linkSupport = true
      },
      diagnostic = {
        dynamicRegistration = false
      },
      documentHighlight = {
        dynamicRegistration = false
      },
      documentSymbol = {
        dynamicRegistration = false,
        hierarchicalDocumentSymbolSupport = true,
        symbolKind = {
          valueSet = { 1, 2, 3, 4, 5, 6, 7, 8, 9, 10, 11, 12, 13, 14, 15, 16, 17, 18, 19, 20, 21, 22, 23, 24, 25, 26 }
        }
      },
      foldingRange = {
        dynamicRegistration = false,
        foldingRange = {
          collapsedText = true
        },
        lineFoldingOnly = true
      },
      formatting = {
        dynamicRegistration = true
      },
      hover = {
        contentFormat = { "markdown", "plaintext" },
        dynamicRegistration = true
      },
      implementation = {
        linkSupport = true
      },
      inlayHint = {
        dynamicRegistration = true,
        resolveSupport = {
          properties = { "textEdits", "tooltip", "location", "command" }
        }
      },
      publishDiagnostics = {
        dataSupport = true,
        relatedInformation = true,
        tagSupport = {
          valueSet = { 1, 2 }
        }
      },
      rangeFormatting = {
        dynamicRegistration = true,
        rangesSupport = true
      },
      references = {
        dynamicRegistration = false
      },
      rename = {
        dynamicRegistration = true,
        prepareSupport = true
      },
      semanticTokens = {
        augmentsSyntaxTokens = true,
        dynamicRegistration = false,
        formats = { "relative" },
        multilineTokenSupport = false,
        overlappingTokenSupport = true,
        requests = {
          full = {
            delta = true
          },
          range = false
        },
        serverCancelSupport = false,
        tokenModifiers = { "declaration", "definition", "readonly", "static", "deprecated", "abstract", "async", "modification", "documentation", "defaultLibrary" },
        tokenTypes = { "namespace", "type", "class", "enum", "interface", "struct", "typeParameter", "parameter", "variable", "property", "enumMember", "event", "function", "method", "macro", "keyword", "modifier", "comment", "string", "number", "regexp", "operator", "decorator" }
      },
      signatureHelp = {
        dynamicRegistration = false,
        signatureInformation = {
          activeParameterSupport = true,
          documentationFormat = { "markdown", "plaintext" },
          parameterInformation = {
            labelOffsetSupport = true
          }
        }
      },
      synchronization = {
        didSave = true,
        dynamicRegistration = false,
        willSave = true,
        willSaveWaitUntil = true
      },
      typeDefinition = {
        linkSupport = true
      }
    },
    window = {
      showDocument = {
        support = true
      },
      showMessage = {
        messageActionItem = {
          additionalPropertiesSupport = true
        }
      },
      workDoneProgress = true
    },
    workspace = {
      applyEdit = true,
      configuration = true,
      didChangeConfiguration = {
        dynamicRegistration = false
      },
      didChangeWatchedFiles = {
        dynamicRegistration = false,
        relativePatternSupport = true
      },
      inlayHint = {
        refreshSupport = true
      },
      semanticTokens = {
        refreshSupport = true
      },
      symbol = {
        dynamicRegistration = false,
        symbolKind = {
          valueSet = { 1, 2, 3, 4, 5, 6, 7, 8, 9, 10, 11, 12, 13, 14, 15, 16, 17, 18, 19, 20, 21, 22, 23, 24, 25, 26 }
        }
      },
      workspaceEdit = {
        resourceOperations = { "rename", "create", "delete" }
      },
      workspaceFolders = true
    }
  },
  clientInfo = {
    name = "Neovim",
    version = "0.11.2+dirty"
  },
  initializationOptions = {},
  processId = 12720,
  rootPath = "/home/h/.config/nvim",
  rootUri = "file:///home/h/.config/nvim",
  trace = "off",
  workDoneToken = "1",
  workspaceFolders = { {
      name = "/home/h/.config/nvim",
      uri = "file:///home/h/.config/nvim"
    } }
}
[12:42:07.367][info] [#0:script/language.lua:137]: VSC language: nil
[12:42:07.367][info] [#0:script/language.lua:138]: LS  language: en-us
[12:42:07.367][info] [#0:script/workspace/workspace.lua:38]: Workspace init root: 	file:///home/h/.config/nvim
[12:42:07.367][info] [#0:script/workspace/workspace.lua:42]: Log path: 	/home/h/.local/share/nvim/mason/packages/lua-language-server/libexec/log/file_home_h_.config_nvim.log
[12:42:07.367][info] [#0:script/workspace/workspace.lua:48]: Workspace create: 	file:///home/h/.config/nvim
[12:42:07.668][info] [#0:script/provider/provider.lua:49]: Load config from client	file:///home/h/.config/nvim
[12:42:07.668][info] [#0:script/provider/provider.lua:50]: {
  Lua = {
    diagnostics = {
      globals = { "vim" }
    }
  }
}
[12:42:07.669][info] [#0:script/provider/provider.lua:49]: Load config from client	file:///home/h/.config/nvim
[12:42:07.669][info] [#0:script/provider/provider.lua:50]: {
  Lua = {
    diagnostics = {
      globals = { "vim" }
    }
  }
}
[12:42:07.769][info] [#0:script/provider/provider.lua:65]: Load config from client	fallback
[12:42:07.769][info] [#0:script/provider/provider.lua:66]: {
  Lua = {
    diagnostics = {
      globals = { "vim" }
    }
  }
}
[12:42:07.769][info] [#0:script/provider/provider.lua:65]: Load config from client	fallback
[12:42:07.769][info] [#0:script/provider/provider.lua:66]: {
  Lua = {
    diagnostics = {
      globals = { "vim" }
    }
  }
}
[12:42:07.874][info] [#0:script/library.lua:212]: Init builtin library at:	file:///home/h/.config/nvim
[12:42:07.879][info] [#0:script/library.lua:212]: Init builtin library at:	nil
[12:42:07.982][info] [#0:script/workspace/workspace.lua:324]: Preload start:	file:///home/h/.config/nvim
[12:42:07.983][info] [#0:script/workspace/workspace.lua:330]: Scan files at:	file:///home/h/.config/nvim
[12:42:07.983][info] [#0:script/workspace/workspace.lua:324]: Preload start:	<fallback>
[12:42:07.985][info] [#0:script/workspace/workspace.lua:353]: Scan library at:	file:///home/h/.local/share/nvim/mason/packages/lua-language-server/libexec/meta/Lua%205.4%20en-us%20utf8/builtin.lua
[12:42:07.985][info] [#0:script/workspace/workspace.lua:353]: Scan library at:	file:///home/h/.local/share/nvim/mason/packages/lua-language-server/libexec/meta/Lua%205.4%20en-us%20utf8/basic.lua
[12:42:07.985][info] [#0:script/workspace/workspace.lua:353]: Scan library at:	file:///home/h/.local/share/nvim/mason/packages/lua-language-server/libexec/meta/Lua%205.4%20en-us%20utf8/debug.lua
[12:42:07.986][info] [#0:script/workspace/workspace.lua:353]: Scan library at:	file:///home/h/.local/share/nvim/mason/packages/lua-language-server/libexec/meta/Lua%205.4%20en-us%20utf8/utf8.lua
[12:42:07.986][info] [#0:script/workspace/workspace.lua:353]: Scan library at:	file:///home/h/.local/share/nvim/mason/packages/lua-language-server/libexec/meta/Lua%205.4%20en-us%20utf8/io.lua
[12:42:07.986][info] [#0:script/workspace/workspace.lua:353]: Scan library at:	file:///home/h/.local/share/nvim/mason/packages/lua-language-server/libexec/meta/Lua%205.4%20en-us%20utf8/string.lua
[12:42:07.986][info] [#0:script/workspace/workspace.lua:353]: Scan library at:	file:///home/h/.local/share/nvim/mason/packages/lua-language-server/libexec/meta/Lua%205.4%20en-us%20utf8/math.lua
[12:42:07.986][info] [#0:script/workspace/workspace.lua:353]: Scan library at:	file:///home/h/.local/share/nvim/mason/packages/lua-language-server/libexec/meta/Lua%205.4%20en-us%20utf8/os.lua
[12:42:07.986][info] [#0:script/workspace/workspace.lua:353]: Scan library at:	file:///home/h/.local/share/nvim/mason/packages/lua-language-server/libexec/meta/Lua%205.4%20en-us%20utf8/package.lua
[12:42:07.987][info] [#0:script/workspace/workspace.lua:353]: Scan library at:	file:///home/h/.local/share/nvim/mason/packages/lua-language-server/libexec/meta/Lua%205.4%20en-us%20utf8/table.lua
[12:42:07.987][info] [#0:script/workspace/workspace.lua:353]: Scan library at:	file:///home/h/.local/share/nvim/mason/packages/lua-language-server/libexec/meta/Lua%205.4%20en-us%20utf8/coroutine.lua
[12:42:07.988][info] [#0:script/workspace/workspace.lua:353]: Scan library at:	file:///home/h/.local/share/nvim/mason/packages/lua-language-server/libexec/meta/Lua%205.4%20en-us%20utf8/builtin.lua
[12:42:07.988][info] [#0:script/workspace/workspace.lua:353]: Scan library at:	file:///home/h/.local/share/nvim/mason/packages/lua-language-server/libexec/meta/Lua%205.4%20en-us%20utf8/basic.lua
[12:42:07.988][info] [#0:script/workspace/workspace.lua:353]: Scan library at:	file:///home/h/.local/share/nvim/mason/packages/lua-language-server/libexec/meta/Lua%205.4%20en-us%20utf8/debug.lua
[12:42:07.988][info] [#0:script/workspace/workspace.lua:353]: Scan library at:	file:///home/h/.local/share/nvim/mason/packages/lua-language-server/libexec/meta/Lua%205.4%20en-us%20utf8/utf8.lua
[12:42:07.988][info] [#0:script/workspace/workspace.lua:353]: Scan library at:	file:///home/h/.local/share/nvim/mason/packages/lua-language-server/libexec/meta/Lua%205.4%20en-us%20utf8/io.lua
[12:42:07.989][info] [#0:script/workspace/workspace.lua:353]: Scan library at:	file:///home/h/.local/share/nvim/mason/packages/lua-language-server/libexec/meta/Lua%205.4%20en-us%20utf8/string.lua
[12:42:07.989][info] [#0:script/workspace/workspace.lua:353]: Scan library at:	file:///home/h/.local/share/nvim/mason/packages/lua-language-server/libexec/meta/Lua%205.4%20en-us%20utf8/math.lua
[12:42:07.989][info] [#0:script/workspace/workspace.lua:353]: Scan library at:	file:///home/h/.local/share/nvim/mason/packages/lua-language-server/libexec/meta/Lua%205.4%20en-us%20utf8/os.lua
[12:42:07.989][info] [#0:script/workspace/workspace.lua:353]: Scan library at:	file:///home/h/.local/share/nvim/mason/packages/lua-language-server/libexec/meta/Lua%205.4%20en-us%20utf8/package.lua
[12:42:07.989][info] [#0:script/workspace/workspace.lua:353]: Scan library at:	file:///home/h/.local/share/nvim/mason/packages/lua-language-server/libexec/meta/Lua%205.4%20en-us%20utf8/table.lua
[12:42:07.989][info] [#0:script/workspace/workspace.lua:353]: Scan library at:	file:///home/h/.local/share/nvim/mason/packages/lua-language-server/libexec/meta/Lua%205.4%20en-us%20utf8/coroutine.lua
[12:42:08.089][info] [#0:script/workspace/workspace.lua:379]: Found 11 files at:	<fallback>
[12:42:08.089][info] [#0:script/workspace/loading.lua:160]: Load files from disk:	<fallback>
[12:42:08.089][info] [#0:script/workspace/workspace.lua:379]: Found 41 files at:	file:///home/h/.config/nvim
[12:42:08.089][info] [#0:script/workspace/loading.lua:160]: Load files from disk:	file:///home/h/.config/nvim
[12:42:08.090][info] [#0:script/workspace/loading.lua:100]: Preload file at: file:///home/h/.local/share/nvim/mason/packages/lua-language-server/libexec/meta/Lua%205.4%20en-us%20utf8/coroutine.lua , size = 2.590 KB
[12:42:08.091][info] [#0:script/workspace/loading.lua:112]: ++++As library of:	file:///home/h/.local/share/nvim/mason/packages/lua-language-server/libexec/meta/Lua%205.4%20en-us%20utf8/coroutine.lua
[12:42:08.091][info] [#0:script/workspace/loading.lua:97]: Skip loaded file: file:///home/h/.local/share/nvim/mason/packages/lua-language-server/libexec/meta/Lua%205.4%20en-us%20utf8/coroutine.lua
[12:42:08.091][info] [#0:script/workspace/loading.lua:100]: Preload file at: file:///home/h/.local/share/nvim/mason/packages/lua-language-server/libexec/meta/Lua%205.4%20en-us%20utf8/table.lua , size = 4.445 KB
[12:42:08.092][info] [#0:script/workspace/loading.lua:112]: ++++As library of:	file:///home/h/.local/share/nvim/mason/packages/lua-language-server/libexec/meta/Lua%205.4%20en-us%20utf8/table.lua
[12:42:08.092][info] [#0:script/workspace/loading.lua:100]: Preload file at: file:///home/h/.local/share/nvim/mason/packages/lua-language-server/libexec/meta/Lua%205.4%20en-us%20utf8/package.lua , size = 2.944 KB
[12:42:08.093][info] [#0:script/workspace/loading.lua:112]: ++++As library of:	file:///home/h/.local/share/nvim/mason/packages/lua-language-server/libexec/meta/Lua%205.4%20en-us%20utf8/package.lua
[12:42:08.093][info] [#0:script/workspace/loading.lua:97]: Skip loaded file: file:///home/h/.local/share/nvim/mason/packages/lua-language-server/libexec/meta/Lua%205.4%20en-us%20utf8/table.lua
[12:42:08.094][info] [#0:script/workspace/loading.lua:97]: Skip loaded file: file:///home/h/.local/share/nvim/mason/packages/lua-language-server/libexec/meta/Lua%205.4%20en-us%20utf8/package.lua
[12:42:08.094][info] [#0:script/workspace/loading.lua:100]: Preload file at: file:///home/h/.local/share/nvim/mason/packages/lua-language-server/libexec/meta/Lua%205.4%20en-us%20utf8/os.lua , size = 5.611 KB
[12:42:08.095][info] [#0:script/workspace/loading.lua:112]: ++++As library of:	file:///home/h/.local/share/nvim/mason/packages/lua-language-server/libexec/meta/Lua%205.4%20en-us%20utf8/os.lua
[12:42:08.095][info] [#0:script/workspace/loading.lua:97]: Skip loaded file: file:///home/h/.local/share/nvim/mason/packages/lua-language-server/libexec/meta/Lua%205.4%20en-us%20utf8/os.lua
[12:42:08.095][info] [#0:script/workspace/loading.lua:100]: Preload file at: file:///home/h/.local/share/nvim/mason/packages/lua-language-server/libexec/meta/Lua%205.4%20en-us%20utf8/math.lua , size = 8.542 KB
[12:42:08.098][info] [#0:script/workspace/loading.lua:112]: ++++As library of:	file:///home/h/.local/share/nvim/mason/packages/lua-language-server/libexec/meta/Lua%205.4%20en-us%20utf8/math.lua
[12:42:08.098][info] [#0:script/workspace/loading.lua:97]: Skip loaded file: file:///home/h/.local/share/nvim/mason/packages/lua-language-server/libexec/meta/Lua%205.4%20en-us%20utf8/math.lua
[12:42:08.098][info] [#0:script/workspace/loading.lua:100]: Preload file at: file:///home/h/.local/share/nvim/mason/packages/lua-language-server/libexec/meta/Lua%205.4%20en-us%20utf8/string.lua , size = 5.234 KB
[12:42:08.100][info] [#0:script/workspace/loading.lua:112]: ++++As library of:	file:///home/h/.local/share/nvim/mason/packages/lua-language-server/libexec/meta/Lua%205.4%20en-us%20utf8/string.lua
[12:42:08.100][info] [#0:script/workspace/loading.lua:88]: Skip loaded file: file:///home/h/.local/share/nvim/mason/packages/lua-language-server/libexec/meta/Lua%205.4%20en-us%20utf8/string.lua
[12:42:08.100][info] [#0:script/workspace/loading.lua:112]: ++++As library of:	file:///home/h/.local/share/nvim/mason/packages/lua-language-server/libexec/meta/Lua%205.4%20en-us%20utf8/string.lua
[12:42:08.100][info] [#0:script/workspace/loading.lua:100]: Preload file at: file:///home/h/.local/share/nvim/mason/packages/lua-language-server/libexec/meta/Lua%205.4%20en-us%20utf8/io.lua , size = 6.364 KB
[12:42:08.102][info] [#0:script/workspace/loading.lua:112]: ++++As library of:	file:///home/h/.local/share/nvim/mason/packages/lua-language-server/libexec/meta/Lua%205.4%20en-us%20utf8/io.lua
[12:42:08.102][info] [#0:script/workspace/loading.lua:88]: Skip loaded file: file:///home/h/.local/share/nvim/mason/packages/lua-language-server/libexec/meta/Lua%205.4%20en-us%20utf8/io.lua
[12:42:08.102][info] [#0:script/workspace/loading.lua:112]: ++++As library of:	file:///home/h/.local/share/nvim/mason/packages/lua-language-server/libexec/meta/Lua%205.4%20en-us%20utf8/io.lua
[12:42:08.102][info] [#0:script/workspace/loading.lua:100]: Preload file at: file:///home/h/.local/share/nvim/mason/packages/lua-language-server/libexec/meta/Lua%205.4%20en-us%20utf8/utf8.lua , size = 2.386 KB
[12:42:08.103][info] [#0:script/workspace/loading.lua:112]: ++++As library of:	file:///home/h/.local/share/nvim/mason/packages/lua-language-server/libexec/meta/Lua%205.4%20en-us%20utf8/utf8.lua
[12:42:08.103][info] [#0:script/workspace/loading.lua:88]: Skip loaded file: file:///home/h/.local/share/nvim/mason/packages/lua-language-server/libexec/meta/Lua%205.4%20en-us%20utf8/utf8.lua
[12:42:08.103][info] [#0:script/workspace/loading.lua:112]: ++++As library of:	file:///home/h/.local/share/nvim/mason/packages/lua-language-server/libexec/meta/Lua%205.4%20en-us%20utf8/utf8.lua
[12:42:08.103][info] [#0:script/workspace/loading.lua:100]: Preload file at: file:///home/h/.local/share/nvim/mason/packages/lua-language-server/libexec/meta/Lua%205.4%20en-us%20utf8/debug.lua , size = 7.637 KB
[12:42:08.105][info] [#0:script/workspace/loading.lua:112]: ++++As library of:	file:///home/h/.local/share/nvim/mason/packages/lua-language-server/libexec/meta/Lua%205.4%20en-us%20utf8/debug.lua
[12:42:08.105][info] [#0:script/workspace/loading.lua:88]: Skip loaded file: file:///home/h/.local/share/nvim/mason/packages/lua-language-server/libexec/meta/Lua%205.4%20en-us%20utf8/debug.lua
[12:42:08.105][info] [#0:script/workspace/loading.lua:112]: ++++As library of:	file:///home/h/.local/share/nvim/mason/packages/lua-language-server/libexec/meta/Lua%205.4%20en-us%20utf8/debug.lua
[12:42:08.105][info] [#0:script/workspace/loading.lua:100]: Preload file at: file:///home/h/.local/share/nvim/mason/packages/lua-language-server/libexec/meta/Lua%205.4%20en-us%20utf8/basic.lua , size = 15.841 KB
[12:42:08.110][info] [#0:script/workspace/loading.lua:112]: ++++As library of:	file:///home/h/.local/share/nvim/mason/packages/lua-language-server/libexec/meta/Lua%205.4%20en-us%20utf8/basic.lua
[12:42:08.110][info] [#0:script/workspace/loading.lua:88]: Skip loaded file: file:///home/h/.local/share/nvim/mason/packages/lua-language-server/libexec/meta/Lua%205.4%20en-us%20utf8/basic.lua
[12:42:08.110][info] [#0:script/workspace/loading.lua:112]: ++++As library of:	file:///home/h/.local/share/nvim/mason/packages/lua-language-server/libexec/meta/Lua%205.4%20en-us%20utf8/basic.lua
[12:42:08.111][info] [#0:script/workspace/loading.lua:100]: Preload file at: file:///home/h/.local/share/nvim/mason/packages/lua-language-server/libexec/meta/Lua%205.4%20en-us%20utf8/builtin.lua , size = 0.302 KB
[12:42:08.111][info] [#0:script/workspace/loading.lua:112]: ++++As library of:	file:///home/h/.local/share/nvim/mason/packages/lua-language-server/libexec/meta/Lua%205.4%20en-us%20utf8/builtin.lua
[12:42:08.111][info] [#0:script/workspace/loading.lua:88]: Skip loaded file: file:///home/h/.local/share/nvim/mason/packages/lua-language-server/libexec/meta/Lua%205.4%20en-us%20utf8/builtin.lua
[12:42:08.111][info] [#0:script/workspace/loading.lua:112]: ++++As library of:	file:///home/h/.local/share/nvim/mason/packages/lua-language-server/libexec/meta/Lua%205.4%20en-us%20utf8/builtin.lua
[12:42:08.111][info] [#0:script/workspace/loading.lua:172]: Loaded files takes [0.022] sec: <fallback>
[12:42:08.111][info] [#0:script/workspace/loading.lua:181]: Compile files takes [0.000] sec: <fallback>
[12:42:08.111][info] [#0:script/workspace/loading.lua:182]: Loaded finish:	<fallback>
[12:42:08.111][info] [#0:script/workspace/workspace.lua:381]: Preload finish at:	<fallback>
[12:42:08.112][info] [#0:script/workspace/loading.lua:88]: Skip loaded file: file:///home/h/.config/nvim/lua/options.lua
[12:42:08.112][info] [#0:script/workspace/loading.lua:100]: Preload file at: file:///home/h/.config/nvim/lua/configs/snacks/dashboard.lua , size = 7.495 KB
[12:42:08.113][info] [#0:script/workspace/loading.lua:100]: Preload file at: file:///home/h/.config/nvim/lua/configs/cmp.lua , size = 1.880 KB
[12:42:08.114][info] [#0:script/workspace/loading.lua:100]: Preload file at: file:///home/h/.config/nvim/lua/configs/gitsigns.lua , size = 0.027 KB
[12:42:08.114][info] [#0:script/workspace/loading.lua:100]: Preload file at: file:///home/h/.config/nvim/lua/configs/treesitter.lua , size = 0.222 KB
[12:42:08.114][info] [#0:script/workspace/loading.lua:100]: Preload file at: file:///home/h/.config/nvim/lua/configs/conform.lua , size = 0.970 KB
[12:42:08.114][info] [#0:script/workspace/loading.lua:100]: Preload file at: file:///home/h/.config/nvim/lua/configs/nvim-ide.lua , size = 1.159 KB
[12:42:08.115][info] [#0:script/workspace/loading.lua:100]: Preload file at: file:///home/h/.config/nvim/lua/configs/mason.lua , size = 0.159 KB
[12:42:08.115][info] [#0:script/workspace/loading.lua:100]: Preload file at: file:///home/h/.config/nvim/lua/configs/lualine.lua , size = 3.343 KB
[12:42:08.116][info] [#0:script/workspace/loading.lua:100]: Preload file at: file:///home/h/.config/nvim/lua/configs/init.lua , size = 0.157 KB
[12:42:08.116][info] [#0:script/workspace/loading.lua:100]: Preload file at: file:///home/h/.config/nvim/lua/configs/lspconfig.lua , size = 2.209 KB
[12:42:08.117][info] [#0:script/workspace/loading.lua:100]: Preload file at: file:///home/h/.config/nvim/lua/mappings.lua , size = 0.395 KB
[12:42:08.118][info] [#0:script/workspace/loading.lua:100]: Preload file at: file:///home/h/.config/nvim/lua/plugins/zenmode.lua , size = 0.034 KB
[12:42:08.118][info] [#0:script/workspace/loading.lua:100]: Preload file at: file:///home/h/.config/nvim/lua/plugins/snacks.lua , size = 0.476 KB
[12:42:08.118][info] [#0:script/workspace/loading.lua:100]: Preload file at: file:///home/h/.config/nvim/lua/plugins/bufferline.lua , size = 0.333 KB
[12:42:08.118][info] [#0:script/workspace/loading.lua:100]: Preload file at: file:///home/h/.config/nvim/lua/plugins/which-key.lua , size = 8.885 KB
[12:42:08.120][info] [#0:script/workspace/loading.lua:100]: Preload file at: file:///home/h/.config/nvim/lua/plugins/fzf.lua , size = 0.142 KB
[12:42:08.120][info] [#0:script/workspace/loading.lua:100]: Preload file at: file:///home/h/.config/nvim/lua/plugins/mason/init.lua , size = 0.176 KB
[12:42:08.120][info] [#0:script/workspace/loading.lua:100]: Preload file at: file:///home/h/.config/nvim/lua/plugins/git/init.lua , size = 0.145 KB
[12:42:08.120][info] [#0:script/workspace/loading.lua:100]: Preload file at: file:///home/h/.config/nvim/lua/plugins/themes/init.lua , size = 0.683 KB
[12:42:08.121][info] [#0:script/workspace/loading.lua:100]: Preload file at: file:///home/h/.config/nvim/lua/plugins/barbecue.lua , size = 0.213 KB
[12:42:08.121][info] [#0:script/workspace/loading.lua:100]: Preload file at: file:///home/h/.config/nvim/lua/plugins/treesitter.lua , size = 0.066 KB
[12:42:08.122][info] [#0:script/workspace/loading.lua:100]: Preload file at: file:///home/h/.config/nvim/lua/plugins/conform.lua , size = 0.035 KB
[12:42:08.122][info] [#0:script/workspace/loading.lua:100]: Preload file at: file:///home/h/.config/nvim/lua/plugins/nvim-ide.lua , size = 0.034 KB
[12:42:08.123][info] [#0:script/workspace/loading.lua:100]: Preload file at: file:///home/h/.config/nvim/lua/plugins/nvterm.lua , size = 0.588 KB
[12:42:08.123][info] [#0:script/workspace/loading.lua:100]: Preload file at: file:///home/h/.config/nvim/lua/plugins/cmp/init.lua , size = 0.230 KB
[12:42:08.123][info] [#0:script/workspace/loading.lua:100]: Preload file at: file:///home/h/.config/nvim/lua/plugins/lualine.lua , size = 0.152 KB
[12:42:08.123][info] [#0:script/workspace/loading.lua:100]: Preload file at: file:///home/h/.config/nvim/lua/plugins/init.lua , size = 0.429 KB
[12:42:08.123][info] [#0:script/workspace/loading.lua:100]: Preload file at: file:///home/h/.config/nvim/lua/autocmds.lua , size = 1.550 KB
[12:42:08.124][info] [#0:script/workspace/loading.lua:100]: Preload file at: file:///home/h/.config/nvim/init.lua , size = 0.775 KB
[12:42:08.124][info] [#0:script/workspace/loading.lua:172]: Loaded files takes [0.034] sec: file:///home/h/.config/nvim
[12:42:08.124][info] [#0:script/workspace/loading.lua:181]: Compile files takes [0.000] sec: file:///home/h/.config/nvim
[12:42:08.124][info] [#0:script/workspace/loading.lua:182]: Loaded finish:	file:///home/h/.config/nvim
[12:42:08.124][info] [#0:script/workspace/workspace.lua:381]: Preload finish at:	file:///home/h/.config/nvim
[12:42:08.126][info] [#0:script/provider/diagnostic.lua:560]: Diagnostics scope [file:///home/h/.config/nvim], files count:[41]
[12:42:08.374][info] [#0:script/provider/diagnostic.lua:577]: Diagnostics scope [file:///home/h/.config/nvim] finished, takes [0.043] sec.
[12:42:14.246][warn] [#0:script/pub/report.lua:24]: Load proto error:	Disconnected!
