[12:55:59.933][info] [#0:/home/h/.local/share/nvim/mason/packages/lua-language-server/libexec/main.lua:68]: Lua Lsp startup, root: 	/home/h/.local/share/nvim/mason/packages/lua-language-server/libexec
[12:55:59.933][info] [#0:/home/h/.local/share/nvim/mason/packages/lua-language-server/libexec/main.lua:69]: ROOT:	/home/h/.local/share/nvim/mason/packages/lua-language-server/libexec
[12:55:59.933][info] [#0:/home/h/.local/share/nvim/mason/packages/lua-language-server/libexec/main.lua:70]: LOGPATH:	/home/h/.local/share/nvim/mason/packages/lua-language-server/libexec/log
[12:55:59.933][info] [#0:/home/h/.local/share/nvim/mason/packages/lua-language-server/libexec/main.lua:71]: METAPATH:	/home/h/.local/share/nvim/mason/packages/lua-language-server/libexec/meta
[12:55:59.933][info] [#0:/home/h/.local/share/nvim/mason/packages/lua-language-server/libexec/main.lua:72]: VERSION:	3.14.0
[12:55:59.945][info] [#0:script/proto/proto.lua:260]: Listen Mode: stdio
[12:55:59.945][info] [#0:script/service/service.lua:145]: 
========= Medical Examination Report =========
    --------------- Memory ---------------
        Total: 2.263 MB
        # 00 : 2.263 MB
        # 01 : 0.000 MB
        # 02 : 0.000 MB
        # 03 : 0.000 MB
        # 04 : 0.000 MB
    --------------- Coroutine ---------------
        Total:     0
        Running:   0
        Suspended: 0
        Normal:    0
        Dead:      0
    --------------- Cache ---------------
        Total: 1
        Dead:  0
    ---------------  RPC  ---------------
        Holdon:   0
        Waiting:  0
==============================================
[12:56:00.048][info] [#0:script/client.lua:657]: Client init	{
  capabilities = {
    general = {
      positionEncodings = { "utf-8", "utf-16", "utf-32" }
    },
    textDocument = {
      callHierarchy = {
        dynamicRegistration = false
      },
      codeAction = {
        codeActionLiteralSupport = {
          codeActionKind = {
            valueSet = { "", "quickfix", "refactor", "refactor.extract", "refactor.inline", "refactor.rewrite", "source", "source.organizeImports" }
          }
        },
        dataSupport = true,
        dynamicRegistration = true,
        isPreferredSupport = true,
        resolveSupport = {
          properties = { "edit", "command" }
        }
      },
      codeLens = {
        dynamicRegistration = false,
        resolveSupport = {
          properties = { "command" }
        }
      },
      completion = {
        completionItem = {
          commitCharactersSupport = true,
          deprecatedSupport = true,
          documentationFormat = { "markdown", "plaintext" },
          insertReplaceSupport = true,
          labelDetailsSupport = true,
          preselectSupport = true,
          resolveSupport = {
            properties = { "documentation", "detail", "additionalTextEdits" }
          },
          snippetSupport = true,
          tagSupport = {
            valueSet = { 1 }
          }
        },
        completionItemKind = {
          valueSet = { 1, 2, 3, 4, 5, 6, 7, 8, 9, 10, 11, 12, 13, 14, 15, 16, 17, 18, 19, 20, 21, 22, 23, 24, 25 }
        },
        completionList = {
          itemDefaults = { "editRange", "insertTextFormat", "insertTextMode", "data" }
        },
        contextSupport = true,
        dynamicRegistration = false
      },
      declaration = {
        linkSupport = true
      },
      definition = {
        dynamicRegistration = true,
        linkSupport = true
      },
      diagnostic = {
        dynamicRegistration = false
      },
      documentHighlight = {
        dynamicRegistration = false
      },
      documentSymbol = {
        dynamicRegistration = false,
        hierarchicalDocumentSymbolSupport = true,
        symbolKind = {
          valueSet = { 1, 2, 3, 4, 5, 6, 7, 8, 9, 10, 11, 12, 13, 14, 15, 16, 17, 18, 19, 20, 21, 22, 23, 24, 25, 26 }
        }
      },
      foldingRange = {
        dynamicRegistration = false,
        foldingRange = {
          collapsedText = true
        },
        lineFoldingOnly = true
      },
      formatting = {
        dynamicRegistration = true
      },
      hover = {
        contentFormat = { "markdown", "plaintext" },
        dynamicRegistration = true
      },
      implementation = {
        linkSupport = true
      },
      inlayHint = {
        dynamicRegistration = true,
        resolveSupport = {
          properties = { "textEdits", "tooltip", "location", "command" }
        }
      },
      publishDiagnostics = {
        dataSupport = true,
        relatedInformation = true,
        tagSupport = {
          valueSet = { 1, 2 }
        }
      },
      rangeFormatting = {
        dynamicRegistration = true,
        rangesSupport = true
      },
      references = {
        dynamicRegistration = false
      },
      rename = {
        dynamicRegistration = true,
        prepareSupport = true
      },
      semanticTokens = {
        augmentsSyntaxTokens = true,
        dynamicRegistration = false,
        formats = { "relative" },
        multilineTokenSupport = false,
        overlappingTokenSupport = true,
        requests = {
          full = {
            delta = true
          },
          range = false
        },
        serverCancelSupport = false,
        tokenModifiers = { "declaration", "definition", "readonly", "static", "deprecated", "abstract", "async", "modification", "documentation", "defaultLibrary" },
        tokenTypes = { "namespace", "type", "class", "enum", "interface", "struct", "typeParameter", "parameter", "variable", "property", "enumMember", "event", "function", "method", "macro", "keyword", "modifier", "comment", "string", "number", "regexp", "operator", "decorator" }
      },
      signatureHelp = {
        dynamicRegistration = false,
        signatureInformation = {
          activeParameterSupport = true,
          documentationFormat = { "markdown", "plaintext" },
          parameterInformation = {
            labelOffsetSupport = true
          }
        }
      },
      synchronization = {
        didSave = true,
        dynamicRegistration = false,
        willSave = true,
        willSaveWaitUntil = true
      },
      typeDefinition = {
        linkSupport = true
      }
    },
    window = {
      showDocument = {
        support = true
      },
      showMessage = {
        messageActionItem = {
          additionalPropertiesSupport = true
        }
      },
      workDoneProgress = true
    },
    workspace = {
      applyEdit = true,
      configuration = true,
      didChangeConfiguration = {
        dynamicRegistration = false
      },
      didChangeWatchedFiles = {
        dynamicRegistration = false,
        relativePatternSupport = true
      },
      inlayHint = {
        refreshSupport = true
      },
      semanticTokens = {
        refreshSupport = true
      },
      symbol = {
        dynamicRegistration = false,
        symbolKind = {
          valueSet = { 1, 2, 3, 4, 5, 6, 7, 8, 9, 10, 11, 12, 13, 14, 15, 16, 17, 18, 19, 20, 21, 22, 23, 24, 25, 26 }
        }
      },
      workspaceEdit = {
        resourceOperations = { "rename", "create", "delete" }
      },
      workspaceFolders = true
    }
  },
  clientInfo = {
    name = "Neovim",
    version = "0.11.1+v0.11.1"
  },
  initializationOptions = {},
  processId = 1617,
  rootPath = "/home/h/.local/share/nvim/lazy/lazygit.nvim",
  rootUri = "file:///home/h/.local/share/nvim/lazy/lazygit.nvim",
  trace = "off",
  workDoneToken = "1",
  workspaceFolders = { {
      name = "/home/h/.local/share/nvim/lazy/lazygit.nvim",
      uri = "file:///home/h/.local/share/nvim/lazy/lazygit.nvim"
    } }
}
[12:56:00.048][info] [#0:script/language.lua:137]: VSC language: nil
[12:56:00.048][info] [#0:script/language.lua:138]: LS  language: en-us
[12:56:00.048][info] [#0:script/workspace/workspace.lua:38]: Workspace init root: 	file:///home/h/.local/share/nvim/lazy/lazygit.nvim
[12:56:00.048][info] [#0:script/workspace/workspace.lua:42]: Log path: 	/home/h/.local/share/nvim/mason/packages/lua-language-server/libexec/log/file_home_h_.local_share_nvim_lazy_lazygit.nvim.log
[12:56:00.048][info] [#0:script/workspace/workspace.lua:48]: Workspace create: 	file:///home/h/.local/share/nvim/lazy/lazygit.nvim
[12:56:00.249][info] [#0:script/provider/provider.lua:49]: Load config from client	file:///home/h/.local/share/nvim/lazy/lazygit.nvim
[12:56:00.249][info] [#0:script/provider/provider.lua:50]: {
  Lua = {
    diagnostics = {
      globals = { "vim" }
    }
  }
}
[12:56:00.249][info] [#0:script/provider/provider.lua:49]: Load config from client	file:///home/h/.local/share/nvim/lazy/lazygit.nvim
[12:56:00.249][info] [#0:script/provider/provider.lua:50]: {
  Lua = {
    diagnostics = {
      globals = { "vim" }
    }
  }
}
[12:56:00.349][info] [#0:script/provider/provider.lua:65]: Load config from client	fallback
[12:56:00.349][info] [#0:script/provider/provider.lua:66]: {
  Lua = {
    diagnostics = {
      globals = { "vim" }
    }
  }
}
[12:56:00.349][info] [#0:script/provider/provider.lua:65]: Load config from client	fallback
[12:56:00.349][info] [#0:script/provider/provider.lua:66]: {
  Lua = {
    diagnostics = {
      globals = { "vim" }
    }
  }
}
[12:56:00.454][info] [#0:script/library.lua:212]: Init builtin library at:	file:///home/h/.local/share/nvim/lazy/lazygit.nvim
[12:56:00.459][info] [#0:script/library.lua:212]: Init builtin library at:	nil
[12:56:00.563][info] [#0:script/workspace/workspace.lua:324]: Preload start:	file:///home/h/.local/share/nvim/lazy/lazygit.nvim
[12:56:00.564][info] [#0:script/workspace/workspace.lua:330]: Scan files at:	file:///home/h/.local/share/nvim/lazy/lazygit.nvim
[12:56:00.565][info] [#0:script/workspace/workspace.lua:324]: Preload start:	<fallback>
[12:56:00.567][info] [#0:script/workspace/workspace.lua:353]: Scan library at:	file:///home/h/.local/share/nvim/mason/packages/lua-language-server/libexec/meta/Lua%205.4%20en-us%20utf8/builtin.lua
[12:56:00.567][info] [#0:script/workspace/workspace.lua:353]: Scan library at:	file:///home/h/.local/share/nvim/mason/packages/lua-language-server/libexec/meta/Lua%205.4%20en-us%20utf8/basic.lua
[12:56:00.567][info] [#0:script/workspace/workspace.lua:353]: Scan library at:	file:///home/h/.local/share/nvim/mason/packages/lua-language-server/libexec/meta/Lua%205.4%20en-us%20utf8/debug.lua
[12:56:00.567][info] [#0:script/workspace/workspace.lua:353]: Scan library at:	file:///home/h/.local/share/nvim/mason/packages/lua-language-server/libexec/meta/Lua%205.4%20en-us%20utf8/utf8.lua
[12:56:00.567][info] [#0:script/workspace/workspace.lua:353]: Scan library at:	file:///home/h/.local/share/nvim/mason/packages/lua-language-server/libexec/meta/Lua%205.4%20en-us%20utf8/io.lua
[12:56:00.567][info] [#0:script/workspace/workspace.lua:353]: Scan library at:	file:///home/h/.local/share/nvim/mason/packages/lua-language-server/libexec/meta/Lua%205.4%20en-us%20utf8/string.lua
[12:56:00.568][info] [#0:script/workspace/workspace.lua:353]: Scan library at:	file:///home/h/.local/share/nvim/mason/packages/lua-language-server/libexec/meta/Lua%205.4%20en-us%20utf8/math.lua
[12:56:00.568][info] [#0:script/workspace/workspace.lua:353]: Scan library at:	file:///home/h/.local/share/nvim/mason/packages/lua-language-server/libexec/meta/Lua%205.4%20en-us%20utf8/os.lua
[12:56:00.568][info] [#0:script/workspace/workspace.lua:353]: Scan library at:	file:///home/h/.local/share/nvim/mason/packages/lua-language-server/libexec/meta/Lua%205.4%20en-us%20utf8/package.lua
[12:56:00.568][info] [#0:script/workspace/workspace.lua:353]: Scan library at:	file:///home/h/.local/share/nvim/mason/packages/lua-language-server/libexec/meta/Lua%205.4%20en-us%20utf8/table.lua
[12:56:00.568][info] [#0:script/workspace/workspace.lua:353]: Scan library at:	file:///home/h/.local/share/nvim/mason/packages/lua-language-server/libexec/meta/Lua%205.4%20en-us%20utf8/coroutine.lua
[12:56:00.569][info] [#0:script/workspace/workspace.lua:353]: Scan library at:	file:///home/h/.local/share/nvim/mason/packages/lua-language-server/libexec/meta/Lua%205.4%20en-us%20utf8/builtin.lua
[12:56:00.569][info] [#0:script/workspace/workspace.lua:353]: Scan library at:	file:///home/h/.local/share/nvim/mason/packages/lua-language-server/libexec/meta/Lua%205.4%20en-us%20utf8/basic.lua
[12:56:00.569][info] [#0:script/workspace/workspace.lua:353]: Scan library at:	file:///home/h/.local/share/nvim/mason/packages/lua-language-server/libexec/meta/Lua%205.4%20en-us%20utf8/debug.lua
[12:56:00.569][info] [#0:script/workspace/workspace.lua:353]: Scan library at:	file:///home/h/.local/share/nvim/mason/packages/lua-language-server/libexec/meta/Lua%205.4%20en-us%20utf8/utf8.lua
[12:56:00.569][info] [#0:script/workspace/workspace.lua:353]: Scan library at:	file:///home/h/.local/share/nvim/mason/packages/lua-language-server/libexec/meta/Lua%205.4%20en-us%20utf8/io.lua
[12:56:00.569][info] [#0:script/workspace/workspace.lua:353]: Scan library at:	file:///home/h/.local/share/nvim/mason/packages/lua-language-server/libexec/meta/Lua%205.4%20en-us%20utf8/string.lua
[12:56:00.569][info] [#0:script/workspace/workspace.lua:353]: Scan library at:	file:///home/h/.local/share/nvim/mason/packages/lua-language-server/libexec/meta/Lua%205.4%20en-us%20utf8/math.lua
[12:56:00.569][info] [#0:script/workspace/workspace.lua:353]: Scan library at:	file:///home/h/.local/share/nvim/mason/packages/lua-language-server/libexec/meta/Lua%205.4%20en-us%20utf8/os.lua
[12:56:00.569][info] [#0:script/workspace/workspace.lua:353]: Scan library at:	file:///home/h/.local/share/nvim/mason/packages/lua-language-server/libexec/meta/Lua%205.4%20en-us%20utf8/package.lua
[12:56:00.569][info] [#0:script/workspace/workspace.lua:353]: Scan library at:	file:///home/h/.local/share/nvim/mason/packages/lua-language-server/libexec/meta/Lua%205.4%20en-us%20utf8/table.lua
[12:56:00.569][info] [#0:script/workspace/workspace.lua:353]: Scan library at:	file:///home/h/.local/share/nvim/mason/packages/lua-language-server/libexec/meta/Lua%205.4%20en-us%20utf8/coroutine.lua
[12:56:00.670][info] [#0:script/workspace/workspace.lua:379]: Found 11 files at:	<fallback>
[12:56:00.670][info] [#0:script/workspace/loading.lua:160]: Load files from disk:	<fallback>
[12:56:00.670][info] [#0:script/workspace/workspace.lua:379]: Found 15 files at:	file:///home/h/.local/share/nvim/lazy/lazygit.nvim
[12:56:00.670][info] [#0:script/workspace/loading.lua:160]: Load files from disk:	file:///home/h/.local/share/nvim/lazy/lazygit.nvim
[12:56:00.670][info] [#0:script/workspace/loading.lua:100]: Preload file at: file:///home/h/.local/share/nvim/mason/packages/lua-language-server/libexec/meta/Lua%205.4%20en-us%20utf8/coroutine.lua , size = 2.590 KB
[12:56:00.671][info] [#0:script/workspace/loading.lua:112]: ++++As library of:	file:///home/h/.local/share/nvim/mason/packages/lua-language-server/libexec/meta/Lua%205.4%20en-us%20utf8/coroutine.lua
[12:56:00.671][info] [#0:script/workspace/loading.lua:100]: Preload file at: file:///home/h/.local/share/nvim/mason/packages/lua-language-server/libexec/meta/Lua%205.4%20en-us%20utf8/table.lua , size = 4.445 KB
[12:56:00.673][info] [#0:script/workspace/loading.lua:112]: ++++As library of:	file:///home/h/.local/share/nvim/mason/packages/lua-language-server/libexec/meta/Lua%205.4%20en-us%20utf8/table.lua
[12:56:00.673][info] [#0:script/workspace/loading.lua:97]: Skip loaded file: file:///home/h/.local/share/nvim/mason/packages/lua-language-server/libexec/meta/Lua%205.4%20en-us%20utf8/table.lua
[12:56:00.673][info] [#0:script/workspace/loading.lua:100]: Preload file at: file:///home/h/.local/share/nvim/mason/packages/lua-language-server/libexec/meta/Lua%205.4%20en-us%20utf8/package.lua , size = 2.944 KB
[12:56:00.674][info] [#0:script/workspace/loading.lua:112]: ++++As library of:	file:///home/h/.local/share/nvim/mason/packages/lua-language-server/libexec/meta/Lua%205.4%20en-us%20utf8/package.lua
[12:56:00.674][info] [#0:script/workspace/loading.lua:97]: Skip loaded file: file:///home/h/.local/share/nvim/mason/packages/lua-language-server/libexec/meta/Lua%205.4%20en-us%20utf8/package.lua
[12:56:00.674][info] [#0:script/workspace/loading.lua:97]: Skip loaded file: file:///home/h/.local/share/nvim/mason/packages/lua-language-server/libexec/meta/Lua%205.4%20en-us%20utf8/coroutine.lua
[12:56:00.674][info] [#0:script/workspace/loading.lua:100]: Preload file at: file:///home/h/.local/share/nvim/mason/packages/lua-language-server/libexec/meta/Lua%205.4%20en-us%20utf8/os.lua , size = 5.611 KB
[12:56:00.676][info] [#0:script/workspace/loading.lua:112]: ++++As library of:	file:///home/h/.local/share/nvim/mason/packages/lua-language-server/libexec/meta/Lua%205.4%20en-us%20utf8/os.lua
[12:56:00.676][info] [#0:script/workspace/loading.lua:97]: Skip loaded file: file:///home/h/.local/share/nvim/mason/packages/lua-language-server/libexec/meta/Lua%205.4%20en-us%20utf8/os.lua
[12:56:00.676][info] [#0:script/workspace/loading.lua:100]: Preload file at: file:///home/h/.local/share/nvim/mason/packages/lua-language-server/libexec/meta/Lua%205.4%20en-us%20utf8/math.lua , size = 8.542 KB
[12:56:00.678][info] [#0:script/workspace/loading.lua:112]: ++++As library of:	file:///home/h/.local/share/nvim/mason/packages/lua-language-server/libexec/meta/Lua%205.4%20en-us%20utf8/math.lua
[12:56:00.678][info] [#0:script/workspace/loading.lua:97]: Skip loaded file: file:///home/h/.local/share/nvim/mason/packages/lua-language-server/libexec/meta/Lua%205.4%20en-us%20utf8/math.lua
[12:56:00.678][info] [#0:script/workspace/loading.lua:100]: Preload file at: file:///home/h/.local/share/nvim/mason/packages/lua-language-server/libexec/meta/Lua%205.4%20en-us%20utf8/string.lua , size = 5.234 KB
[12:56:00.681][info] [#0:script/workspace/loading.lua:112]: ++++As library of:	file:///home/h/.local/share/nvim/mason/packages/lua-language-server/libexec/meta/Lua%205.4%20en-us%20utf8/string.lua
[12:56:00.681][info] [#0:script/workspace/loading.lua:88]: Skip loaded file: file:///home/h/.local/share/nvim/mason/packages/lua-language-server/libexec/meta/Lua%205.4%20en-us%20utf8/string.lua
[12:56:00.681][info] [#0:script/workspace/loading.lua:112]: ++++As library of:	file:///home/h/.local/share/nvim/mason/packages/lua-language-server/libexec/meta/Lua%205.4%20en-us%20utf8/string.lua
[12:56:00.681][info] [#0:script/workspace/loading.lua:100]: Preload file at: file:///home/h/.local/share/nvim/mason/packages/lua-language-server/libexec/meta/Lua%205.4%20en-us%20utf8/io.lua , size = 6.364 KB
[12:56:00.682][info] [#0:script/workspace/loading.lua:112]: ++++As library of:	file:///home/h/.local/share/nvim/mason/packages/lua-language-server/libexec/meta/Lua%205.4%20en-us%20utf8/io.lua
[12:56:00.682][info] [#0:script/workspace/loading.lua:88]: Skip loaded file: file:///home/h/.local/share/nvim/mason/packages/lua-language-server/libexec/meta/Lua%205.4%20en-us%20utf8/io.lua
[12:56:00.682][info] [#0:script/workspace/loading.lua:112]: ++++As library of:	file:///home/h/.local/share/nvim/mason/packages/lua-language-server/libexec/meta/Lua%205.4%20en-us%20utf8/io.lua
[12:56:00.683][info] [#0:script/workspace/loading.lua:100]: Preload file at: file:///home/h/.local/share/nvim/mason/packages/lua-language-server/libexec/meta/Lua%205.4%20en-us%20utf8/utf8.lua , size = 2.386 KB
[12:56:00.683][info] [#0:script/workspace/loading.lua:112]: ++++As library of:	file:///home/h/.local/share/nvim/mason/packages/lua-language-server/libexec/meta/Lua%205.4%20en-us%20utf8/utf8.lua
[12:56:00.683][info] [#0:script/workspace/loading.lua:97]: Skip loaded file: file:///home/h/.local/share/nvim/mason/packages/lua-language-server/libexec/meta/Lua%205.4%20en-us%20utf8/utf8.lua
[12:56:00.683][info] [#0:script/workspace/loading.lua:100]: Preload file at: file:///home/h/.local/share/nvim/mason/packages/lua-language-server/libexec/meta/Lua%205.4%20en-us%20utf8/debug.lua , size = 7.637 KB
[12:56:00.685][info] [#0:script/workspace/loading.lua:112]: ++++As library of:	file:///home/h/.local/share/nvim/mason/packages/lua-language-server/libexec/meta/Lua%205.4%20en-us%20utf8/debug.lua
[12:56:00.685][info] [#0:script/workspace/loading.lua:88]: Skip loaded file: file:///home/h/.local/share/nvim/mason/packages/lua-language-server/libexec/meta/Lua%205.4%20en-us%20utf8/debug.lua
[12:56:00.685][info] [#0:script/workspace/loading.lua:112]: ++++As library of:	file:///home/h/.local/share/nvim/mason/packages/lua-language-server/libexec/meta/Lua%205.4%20en-us%20utf8/debug.lua
[12:56:00.686][info] [#0:script/workspace/loading.lua:100]: Preload file at: file:///home/h/.local/share/nvim/mason/packages/lua-language-server/libexec/meta/Lua%205.4%20en-us%20utf8/basic.lua , size = 15.841 KB
[12:56:00.691][info] [#0:script/workspace/loading.lua:112]: ++++As library of:	file:///home/h/.local/share/nvim/mason/packages/lua-language-server/libexec/meta/Lua%205.4%20en-us%20utf8/basic.lua
[12:56:00.691][info] [#0:script/workspace/loading.lua:97]: Skip loaded file: file:///home/h/.local/share/nvim/mason/packages/lua-language-server/libexec/meta/Lua%205.4%20en-us%20utf8/basic.lua
[12:56:00.691][info] [#0:script/workspace/loading.lua:100]: Preload file at: file:///home/h/.local/share/nvim/mason/packages/lua-language-server/libexec/meta/Lua%205.4%20en-us%20utf8/builtin.lua , size = 0.302 KB
[12:56:00.691][info] [#0:script/workspace/loading.lua:112]: ++++As library of:	file:///home/h/.local/share/nvim/mason/packages/lua-language-server/libexec/meta/Lua%205.4%20en-us%20utf8/builtin.lua
[12:56:00.691][info] [#0:script/workspace/loading.lua:88]: Skip loaded file: file:///home/h/.local/share/nvim/mason/packages/lua-language-server/libexec/meta/Lua%205.4%20en-us%20utf8/builtin.lua
[12:56:00.691][info] [#0:script/workspace/loading.lua:112]: ++++As library of:	file:///home/h/.local/share/nvim/mason/packages/lua-language-server/libexec/meta/Lua%205.4%20en-us%20utf8/builtin.lua
[12:56:00.691][info] [#0:script/workspace/loading.lua:172]: Loaded files takes [0.022] sec: <fallback>
[12:56:00.691][info] [#0:script/workspace/loading.lua:181]: Compile files takes [0.000] sec: <fallback>
[12:56:00.691][info] [#0:script/workspace/loading.lua:182]: Loaded finish:	<fallback>
[12:56:00.691][info] [#0:script/workspace/workspace.lua:381]: Preload finish at:	<fallback>
[12:56:00.692][info] [#0:script/workspace/loading.lua:88]: Skip loaded file: file:///home/h/.local/share/nvim/lazy/lazygit.nvim/lua/lazygit.lua
[12:56:00.792][info] [#0:script/workspace/loading.lua:100]: Preload file at: file:///home/h/.local/share/nvim/lazy/lazygit.nvim/lua/telescope/_extensions/lazygit.lua , size = 2.628 KB
[12:56:00.793][info] [#0:script/workspace/loading.lua:100]: Preload file at: file:///home/h/.local/share/nvim/lazy/lazygit.nvim/lua/lazygit/window.lua , size = 3.617 KB
[12:56:00.794][info] [#0:script/workspace/loading.lua:100]: Preload file at: file:///home/h/.local/share/nvim/lazy/lazygit.nvim/lua/lazygit/utils.lua , size = 3.073 KB
[12:56:00.895][info] [#0:script/workspace/loading.lua:172]: Loaded files takes [0.025] sec: file:///home/h/.local/share/nvim/lazy/lazygit.nvim
[12:56:00.895][info] [#0:script/workspace/loading.lua:181]: Compile files takes [0.000] sec: file:///home/h/.local/share/nvim/lazy/lazygit.nvim
[12:56:00.895][info] [#0:script/workspace/loading.lua:182]: Loaded finish:	file:///home/h/.local/share/nvim/lazy/lazygit.nvim
[12:56:00.895][info] [#0:script/workspace/workspace.lua:381]: Preload finish at:	file:///home/h/.local/share/nvim/lazy/lazygit.nvim
[12:56:00.899][info] [#0:script/provider/diagnostic.lua:560]: Diagnostics scope [file:///home/h/.local/share/nvim/lazy/lazygit.nvim], files count:[15]
[12:56:01.028][info] [#0:script/provider/diagnostic.lua:577]: Diagnostics scope [file:///home/h/.local/share/nvim/lazy/lazygit.nvim] finished, takes [0.032] sec.
[12:56:07.015][info] [#0:script/workspace/workspace.lua:284]: Scan files at:	file:///home/h/.local/share/nvim/lazy/lazygit.nvim/lua/lazygit.lua
[12:56:07.015][info] [#0:script/workspace/loading.lua:160]: Load files from disk:	file:///home/h/.local/share/nvim/lazy/lazygit.nvim/lua/lazygit.lua
[12:56:07.016][info] [#0:script/workspace/loading.lua:88]: Skip loaded file: file:///home/h/.local/share/nvim/lazy/lazygit.nvim/lua/lazygit.lua
[12:56:07.016][info] [#0:script/workspace/loading.lua:172]: Loaded files takes [0.000] sec: file:///home/h/.local/share/nvim/lazy/lazygit.nvim/lua/lazygit.lua
[12:56:07.016][info] [#0:script/workspace/loading.lua:181]: Compile files takes [0.000] sec: file:///home/h/.local/share/nvim/lazy/lazygit.nvim/lua/lazygit.lua
[12:56:07.016][info] [#0:script/workspace/loading.lua:182]: Loaded finish:	file:///home/h/.local/share/nvim/lazy/lazygit.nvim/lua/lazygit.lua
[12:56:09.849][info] [#0:script/provider/diagnostic.lua:560]: Diagnostics scope [file:///home/h/.local/share/nvim/lazy/lazygit.nvim], files count:[15]
[12:56:09.954][info] [#0:script/provider/diagnostic.lua:577]: Diagnostics scope [file:///home/h/.local/share/nvim/lazy/lazygit.nvim] finished, takes [0.021] sec.
[12:56:10.758][warn] [#0:script/pub/report.lua:24]: Load proto error:	Disconnected!
